[0.015s] Invoking command in '/home/ayush/Documents/ayush_ws/build/bot_control': CMAKE_PREFIX_PATH=/opt/ros/humble /usr/bin/cmake /home/ayush/Documents/ayush_ws/src/bot_control -DCMAKE_INSTALL_PREFIX=/home/ayush/Documents/ayush_ws/install/bot_control
[0.115s] -- The C compiler identification is GNU 11.4.0
[0.194s] -- The CXX compiler identification is GNU 11.4.0
[0.203s] -- Detecting C compiler ABI info
[0.276s] -- Detecting C compiler ABI info - done
[0.289s] -- Check for working C compiler: /usr/bin/cc - skipped
[0.290s] -- Detecting C compile features
[0.291s] -- Detecting C compile features - done
[0.297s] -- Detecting CXX compiler ABI info
[0.437s] -- Detecting CXX compiler ABI info - done
[0.452s] -- Check for working CXX compiler: /usr/bin/c++ - skipped
[0.452s] -- Detecting CXX compile features
[0.454s] -- Detecting CXX compile features - done
[0.462s] -- Found ament_cmake: 1.3.11 (/opt/ros/humble/share/ament_cmake/cmake)
[0.711s] -- Found Python3: /usr/bin/python3 (found version "3.10.12") found components: Interpreter 
[0.867s] -- Found rclcpp: 16.0.11 (/opt/ros/humble/share/rclcpp/cmake)
[0.944s] -- Found rosidl_generator_c: 3.1.6 (/opt/ros/humble/share/rosidl_generator_c/cmake)
[0.953s] -- Found rosidl_adapter: 3.1.6 (/opt/ros/humble/share/rosidl_adapter/cmake)
[0.965s] -- Found rosidl_generator_cpp: 3.1.6 (/opt/ros/humble/share/rosidl_generator_cpp/cmake)
[0.979s] -- Using all available rosidl_typesupport_c: rosidl_typesupport_fastrtps_c;rosidl_typesupport_introspection_c
[1.005s] -- Using all available rosidl_typesupport_cpp: rosidl_typesupport_fastrtps_cpp;rosidl_typesupport_introspection_cpp
[1.055s] -- Found rmw_implementation_cmake: 6.1.2 (/opt/ros/humble/share/rmw_implementation_cmake/cmake)
[1.057s] -- Found rmw_fastrtps_cpp: 6.2.7 (/opt/ros/humble/share/rmw_fastrtps_cpp/cmake)
[1.142s] -- Found OpenSSL: /usr/lib/x86_64-linux-gnu/libcrypto.so (found version "3.0.2")  
[1.165s] -- Found FastRTPS: /opt/ros/humble/include  
[1.200s] -- Using RMW implementation 'rmw_fastrtps_cpp' as default
[1.207s] -- Looking for pthread.h
[1.278s] -- Looking for pthread.h - found
[1.278s] -- Performing Test CMAKE_HAVE_LIBC_PTHREAD
[1.346s] -- Performing Test CMAKE_HAVE_LIBC_PTHREAD - Success
[1.347s] -- Found Threads: TRUE  
[1.392s] -- Found geometry_msgs: 4.2.4 (/opt/ros/humble/share/geometry_msgs/cmake)
[1.403s] -- Found sensor_msgs: 4.2.4 (/opt/ros/humble/share/sensor_msgs/cmake)
[1.419s] -- Found ament_lint_auto: 0.12.11 (/opt/ros/humble/share/ament_lint_auto/cmake)
[1.496s] -- Added test 'cppcheck' to perform static code analysis on C / C++ code
[1.496s] -- Configured cppcheck include dirs: 
[1.496s] -- Configured cppcheck exclude dirs and/or files: 
[1.497s] -- Added test 'flake8' to check Python code syntax and style conventions
[1.498s] -- Added test 'lint_cmake' to check CMake code style
[1.499s] -- Added test 'pep257' to check Python code against some of the docstring style conventions in PEP 257
[1.500s] -- Added test 'uncrustify' to check C / C++ code style
[1.500s] -- Configured uncrustify additional arguments: 
[1.501s] -- Added test 'xmllint' to check XML markup files
[1.502s] -- Configuring done
[1.513s] -- Generating done
[1.516s] -- Build files have been written to: /home/ayush/Documents/ayush_ws/build/bot_control
[1.525s] Invoked command in '/home/ayush/Documents/ayush_ws/build/bot_control' returned '0': CMAKE_PREFIX_PATH=/opt/ros/humble /usr/bin/cmake /home/ayush/Documents/ayush_ws/src/bot_control -DCMAKE_INSTALL_PREFIX=/home/ayush/Documents/ayush_ws/install/bot_control
[1.526s] Invoking command in '/home/ayush/Documents/ayush_ws/build/bot_control': CMAKE_PREFIX_PATH=/opt/ros/humble /usr/bin/cmake --build /home/ayush/Documents/ayush_ws/build/bot_control -- -j12 -l12
[1.572s] [ 50%] [32mBuilding CXX object CMakeFiles/reading_laser.dir/scripts/reading_laser.cpp.o[0m
[8.963s] [100%] [32m[1mLinking CXX executable reading_laser[0m
[9.345s] [100%] Built target reading_laser
[9.356s] Invoked command in '/home/ayush/Documents/ayush_ws/build/bot_control' returned '0': CMAKE_PREFIX_PATH=/opt/ros/humble /usr/bin/cmake --build /home/ayush/Documents/ayush_ws/build/bot_control -- -j12 -l12
[9.357s] Invoking command in '/home/ayush/Documents/ayush_ws/build/bot_control': CMAKE_PREFIX_PATH=/opt/ros/humble /usr/bin/cmake --install /home/ayush/Documents/ayush_ws/build/bot_control
[9.364s] -- Install configuration: ""
[9.364s] -- Installing: /home/ayush/Documents/ayush_ws/install/bot_control/lib/bot_control/reading_laser
[9.366s] -- Set runtime path of "/home/ayush/Documents/ayush_ws/install/bot_control/lib/bot_control/reading_laser" to ""
[9.366s] -- Installing: /home/ayush/Documents/ayush_ws/install/bot_control/share/bot_control/description
[9.366s] -- Installing: /home/ayush/Documents/ayush_ws/install/bot_control/share/bot_control/description/gazebo_control.xacro
[9.367s] -- Installing: /home/ayush/Documents/ayush_ws/install/bot_control/share/bot_control/description/inertial_macros.xacro
[9.367s] -- Installing: /home/ayush/Documents/ayush_ws/install/bot_control/share/bot_control/description/bot_structure.urdf.xacro
[9.367s] -- Installing: /home/ayush/Documents/ayush_ws/install/bot_control/share/bot_control/description/lidar.xacro
[9.367s] -- Installing: /home/ayush/Documents/ayush_ws/install/bot_control/share/bot_control/launch
[9.367s] -- Installing: /home/ayush/Documents/ayush_ws/install/bot_control/share/bot_control/launch/rviz.launch.py
[9.367s] -- Installing: /home/ayush/Documents/ayush_ws/install/bot_control/share/bot_control/scripts
[9.367s] -- Installing: /home/ayush/Documents/ayush_ws/install/bot_control/share/bot_control/scripts/reading_laser.cpp
[9.367s] -- Installing: /home/ayush/Documents/ayush_ws/install/bot_control/share/ament_index/resource_index/package_run_dependencies/bot_control
[9.367s] -- Installing: /home/ayush/Documents/ayush_ws/install/bot_control/share/ament_index/resource_index/parent_prefix_path/bot_control
[9.368s] -- Installing: /home/ayush/Documents/ayush_ws/install/bot_control/share/bot_control/environment/ament_prefix_path.sh
[9.368s] -- Installing: /home/ayush/Documents/ayush_ws/install/bot_control/share/bot_control/environment/ament_prefix_path.dsv
[9.368s] -- Installing: /home/ayush/Documents/ayush_ws/install/bot_control/share/bot_control/environment/path.sh
[9.368s] -- Installing: /home/ayush/Documents/ayush_ws/install/bot_control/share/bot_control/environment/path.dsv
[9.368s] -- Installing: /home/ayush/Documents/ayush_ws/install/bot_control/share/bot_control/local_setup.bash
[9.368s] -- Installing: /home/ayush/Documents/ayush_ws/install/bot_control/share/bot_control/local_setup.sh
[9.368s] -- Installing: /home/ayush/Documents/ayush_ws/install/bot_control/share/bot_control/local_setup.zsh
[9.368s] -- Installing: /home/ayush/Documents/ayush_ws/install/bot_control/share/bot_control/local_setup.dsv
[9.369s] -- Installing: /home/ayush/Documents/ayush_ws/install/bot_control/share/bot_control/package.dsv
[9.369s] -- Installing: /home/ayush/Documents/ayush_ws/install/bot_control/share/ament_index/resource_index/packages/bot_control
[9.369s] -- Installing: /home/ayush/Documents/ayush_ws/install/bot_control/share/bot_control/cmake/bot_controlConfig.cmake
[9.369s] -- Installing: /home/ayush/Documents/ayush_ws/install/bot_control/share/bot_control/cmake/bot_controlConfig-version.cmake
[9.369s] -- Installing: /home/ayush/Documents/ayush_ws/install/bot_control/share/bot_control/package.xml
[9.372s] Invoked command in '/home/ayush/Documents/ayush_ws/build/bot_control' returned '0': CMAKE_PREFIX_PATH=/opt/ros/humble /usr/bin/cmake --install /home/ayush/Documents/ayush_ws/build/bot_control
