[0.013s] Invoking command in '/home/ayush/Documents/ayush_ws/build/bot_world': CMAKE_PREFIX_PATH=/opt/ros/humble /usr/bin/cmake /home/ayush/Documents/ayush_ws/src/bot_world -DCMAKE_INSTALL_PREFIX=/home/ayush/Documents/ayush_ws/install/bot_world
[0.107s] -- The C compiler identification is GNU 11.4.0
[0.185s] -- The CXX compiler identification is GNU 11.4.0
[0.194s] -- Detecting C compiler ABI info
[0.268s] -- Detecting C compiler ABI info - done
[0.295s] -- Check for working C compiler: /usr/bin/cc - skipped
[0.295s] -- Detecting C compile features
[0.297s] -- Detecting C compile features - done
[0.302s] -- Detecting CXX compiler ABI info
[0.454s] -- Detecting CXX compiler ABI info - done
[0.468s] -- Check for working CXX compiler: /usr/bin/c++ - skipped
[0.468s] -- Detecting CXX compile features
[0.469s] -- Detecting CXX compile features - done
[0.473s] -- Found ament_cmake: 1.3.11 (/opt/ros/humble/share/ament_cmake/cmake)
[0.704s] -- Found Python3: /usr/bin/python3 (found version "3.10.12") found components: Interpreter 
[0.854s] -- Found ament_lint_auto: 0.12.11 (/opt/ros/humble/share/ament_lint_auto/cmake)
[0.979s] -- Added test 'flake8' to check Python code syntax and style conventions
[0.980s] -- Added test 'lint_cmake' to check CMake code style
[0.980s] -- Added test 'pep257' to check Python code against some of the docstring style conventions in PEP 257
[0.981s] -- Added test 'xmllint' to check XML markup files
[0.982s] -- Configuring done
[0.984s] -- Generating done
[0.986s] -- Build files have been written to: /home/ayush/Documents/ayush_ws/build/bot_world
[0.991s] Invoked command in '/home/ayush/Documents/ayush_ws/build/bot_world' returned '0': CMAKE_PREFIX_PATH=/opt/ros/humble /usr/bin/cmake /home/ayush/Documents/ayush_ws/src/bot_world -DCMAKE_INSTALL_PREFIX=/home/ayush/Documents/ayush_ws/install/bot_world
[0.992s] Invoking command in '/home/ayush/Documents/ayush_ws/build/bot_world': CMAKE_PREFIX_PATH=/opt/ros/humble /usr/bin/cmake --build /home/ayush/Documents/ayush_ws/build/bot_world -- -j12 -l12
[1.030s] Invoked command in '/home/ayush/Documents/ayush_ws/build/bot_world' returned '0': CMAKE_PREFIX_PATH=/opt/ros/humble /usr/bin/cmake --build /home/ayush/Documents/ayush_ws/build/bot_world -- -j12 -l12
[1.039s] Invoking command in '/home/ayush/Documents/ayush_ws/build/bot_world': CMAKE_PREFIX_PATH=/opt/ros/humble /usr/bin/cmake --install /home/ayush/Documents/ayush_ws/build/bot_world
[1.047s] -- Install configuration: ""
[1.047s] -- Installing: /home/ayush/Documents/ayush_ws/install/bot_world/share/bot_world/description
[1.047s] -- Installing: /home/ayush/Documents/ayush_ws/install/bot_world/share/bot_world/description/inertial_macros.xacro
[1.047s] -- Installing: /home/ayush/Documents/ayush_ws/install/bot_world/share/bot_world/description/bot_structure.urdf.xacro
[1.047s] -- Installing: /home/ayush/Documents/ayush_ws/install/bot_world/share/bot_world/launch
[1.048s] -- Installing: /home/ayush/Documents/ayush_ws/install/bot_world/share/bot_world/launch/spawn.launch.py
[1.048s] -- Installing: /home/ayush/Documents/ayush_ws/install/bot_world/share/ament_index/resource_index/package_run_dependencies/bot_world
[1.048s] -- Installing: /home/ayush/Documents/ayush_ws/install/bot_world/share/ament_index/resource_index/parent_prefix_path/bot_world
[1.048s] -- Installing: /home/ayush/Documents/ayush_ws/install/bot_world/share/bot_world/environment/ament_prefix_path.sh
[1.048s] -- Installing: /home/ayush/Documents/ayush_ws/install/bot_world/share/bot_world/environment/ament_prefix_path.dsv
[1.048s] -- Installing: /home/ayush/Documents/ayush_ws/install/bot_world/share/bot_world/environment/path.sh
[1.048s] -- Installing: /home/ayush/Documents/ayush_ws/install/bot_world/share/bot_world/environment/path.dsv
[1.048s] -- Installing: /home/ayush/Documents/ayush_ws/install/bot_world/share/bot_world/local_setup.bash
[1.049s] -- Installing: /home/ayush/Documents/ayush_ws/install/bot_world/share/bot_world/local_setup.sh
[1.049s] -- Installing: /home/ayush/Documents/ayush_ws/install/bot_world/share/bot_world/local_setup.zsh
[1.049s] -- Installing: /home/ayush/Documents/ayush_ws/install/bot_world/share/bot_world/local_setup.dsv
[1.049s] -- Installing: /home/ayush/Documents/ayush_ws/install/bot_world/share/bot_world/package.dsv
[1.049s] -- Installing: /home/ayush/Documents/ayush_ws/install/bot_world/share/ament_index/resource_index/packages/bot_world
[1.049s] -- Installing: /home/ayush/Documents/ayush_ws/install/bot_world/share/bot_world/cmake/bot_worldConfig.cmake
[1.049s] -- Installing: /home/ayush/Documents/ayush_ws/install/bot_world/share/bot_world/cmake/bot_worldConfig-version.cmake
[1.049s] -- Installing: /home/ayush/Documents/ayush_ws/install/bot_world/share/bot_world/package.xml
[1.052s] Invoked command in '/home/ayush/Documents/ayush_ws/build/bot_world' returned '0': CMAKE_PREFIX_PATH=/opt/ros/humble /usr/bin/cmake --install /home/ayush/Documents/ayush_ws/build/bot_world
