[ 50%] [32mBuilding CXX object CMakeFiles/reading_laser.dir/scripts/reading_laser.cpp.o[0m
[100%] [32m[1mLinking CXX executable reading_laser[0m
[100%] Built target reading_laser
-- Install configuration: ""
-- Installing: /home/ayush/Documents/ayush_ws/install/bot_control/lib/bot_control/reading_laser
-- Set runtime path of "/home/ayush/Documents/ayush_ws/install/bot_control/lib/bot_control/reading_laser" to ""
-- Up-to-date: /home/ayush/Documents/ayush_ws/install/bot_control/share/bot_control/description
-- Up-to-date: /home/ayush/Documents/ayush_ws/install/bot_control/share/bot_control/description/gazebo_control.xacro
-- Up-to-date: /home/ayush/Documents/ayush_ws/install/bot_control/share/bot_control/description/inertial_macros.xacro
-- Up-to-date: /home/ayush/Documents/ayush_ws/install/bot_control/share/bot_control/description/bot_structure.urdf.xacro
-- Up-to-date: /home/ayush/Documents/ayush_ws/install/bot_control/share/bot_control/description/lidar.xacro
-- Up-to-date: /home/ayush/Documents/ayush_ws/install/bot_control/share/bot_control/launch
-- Up-to-date: /home/ayush/Documents/ayush_ws/install/bot_control/share/bot_control/launch/rviz.launch.py
-- Up-to-date: /home/ayush/Documents/ayush_ws/install/bot_control/share/bot_control/scripts
-- Installing: /home/ayush/Documents/ayush_ws/install/bot_control/share/bot_control/scripts/reading_laser.cpp
-- Up-to-date: /home/ayush/Documents/ayush_ws/install/bot_control/share/ament_index/resource_index/package_run_dependencies/bot_control
-- Up-to-date: /home/ayush/Documents/ayush_ws/install/bot_control/share/ament_index/resource_index/parent_prefix_path/bot_control
-- Up-to-date: /home/ayush/Documents/ayush_ws/install/bot_control/share/bot_control/environment/ament_prefix_path.sh
-- Up-to-date: /home/ayush/Documents/ayush_ws/install/bot_control/share/bot_control/environment/ament_prefix_path.dsv
-- Up-to-date: /home/ayush/Documents/ayush_ws/install/bot_control/share/bot_control/environment/path.sh
-- Up-to-date: /home/ayush/Documents/ayush_ws/install/bot_control/share/bot_control/environment/path.dsv
-- Up-to-date: /home/ayush/Documents/ayush_ws/install/bot_control/share/bot_control/local_setup.bash
-- Up-to-date: /home/ayush/Documents/ayush_ws/install/bot_control/share/bot_control/local_setup.sh
-- Up-to-date: /home/ayush/Documents/ayush_ws/install/bot_control/share/bot_control/local_setup.zsh
-- Up-to-date: /home/ayush/Documents/ayush_ws/install/bot_control/share/bot_control/local_setup.dsv
-- Installing: /home/ayush/Documents/ayush_ws/install/bot_control/share/bot_control/package.dsv
-- Up-to-date: /home/ayush/Documents/ayush_ws/install/bot_control/share/ament_index/resource_index/packages/bot_control
-- Up-to-date: /home/ayush/Documents/ayush_ws/install/bot_control/share/bot_control/cmake/bot_controlConfig.cmake
-- Up-to-date: /home/ayush/Documents/ayush_ws/install/bot_control/share/bot_control/cmake/bot_controlConfig-version.cmake
-- Up-to-date: /home/ayush/Documents/ayush_ws/install/bot_control/share/bot_control/package.xml
