[0.011s] Invoking command in '/home/ayush/Documents/ayush_ws/build/bot_world': CMAKE_PREFIX_PATH=${CMAKE_PREFIX_PATH}:/opt/ros/humble /usr/bin/cmake --build /home/ayush/Documents/ayush_ws/build/bot_world -- -j12 -l12
[0.042s] Invoked command in '/home/ayush/Documents/ayush_ws/build/bot_world' returned '0': CMAKE_PREFIX_PATH=${CMAKE_PREFIX_PATH}:/opt/ros/humble /usr/bin/cmake --build /home/ayush/Documents/ayush_ws/build/bot_world -- -j12 -l12
[0.043s] Invoking command in '/home/ayush/Documents/ayush_ws/build/bot_world': CMAKE_PREFIX_PATH=${CMAKE_PREFIX_PATH}:/opt/ros/humble /usr/bin/cmake --install /home/ayush/Documents/ayush_ws/build/bot_world
[0.048s] -- Install configuration: ""
[0.049s] -- Up-to-date: /home/ayush/Documents/ayush_ws/install/bot_world/share/bot_world/description
[0.049s] -- Up-to-date: /home/ayush/Documents/ayush_ws/install/bot_world/share/bot_world/description/inertial_macros.xacro
[0.049s] -- Up-to-date: /home/ayush/Documents/ayush_ws/install/bot_world/share/bot_world/description/bot_structure.urdf.xacro
[0.049s] -- Up-to-date: /home/ayush/Documents/ayush_ws/install/bot_world/share/bot_world/launch
[0.049s] -- Up-to-date: /home/ayush/Documents/ayush_ws/install/bot_world/share/bot_world/launch/spawn.launch.py
[0.049s] -- Up-to-date: /home/ayush/Documents/ayush_ws/install/bot_world/share/ament_index/resource_index/package_run_dependencies/bot_world
[0.049s] -- Up-to-date: /home/ayush/Documents/ayush_ws/install/bot_world/share/ament_index/resource_index/parent_prefix_path/bot_world
[0.049s] -- Up-to-date: /home/ayush/Documents/ayush_ws/install/bot_world/share/bot_world/environment/ament_prefix_path.sh
[0.049s] -- Up-to-date: /home/ayush/Documents/ayush_ws/install/bot_world/share/bot_world/environment/ament_prefix_path.dsv
[0.049s] -- Up-to-date: /home/ayush/Documents/ayush_ws/install/bot_world/share/bot_world/environment/path.sh
[0.049s] -- Up-to-date: /home/ayush/Documents/ayush_ws/install/bot_world/share/bot_world/environment/path.dsv
[0.050s] -- Up-to-date: /home/ayush/Documents/ayush_ws/install/bot_world/share/bot_world/local_setup.bash
[0.050s] -- Up-to-date: /home/ayush/Documents/ayush_ws/install/bot_world/share/bot_world/local_setup.sh
[0.050s] -- Up-to-date: /home/ayush/Documents/ayush_ws/install/bot_world/share/bot_world/local_setup.zsh
[0.050s] -- Up-to-date: /home/ayush/Documents/ayush_ws/install/bot_world/share/bot_world/local_setup.dsv
[0.050s] -- Installing: /home/ayush/Documents/ayush_ws/install/bot_world/share/bot_world/package.dsv
[0.050s] -- Up-to-date: /home/ayush/Documents/ayush_ws/install/bot_world/share/ament_index/resource_index/packages/bot_world
[0.050s] -- Up-to-date: /home/ayush/Documents/ayush_ws/install/bot_world/share/bot_world/cmake/bot_worldConfig.cmake
[0.050s] -- Up-to-date: /home/ayush/Documents/ayush_ws/install/bot_world/share/bot_world/cmake/bot_worldConfig-version.cmake
[0.050s] -- Up-to-date: /home/ayush/Documents/ayush_ws/install/bot_world/share/bot_world/package.xml
[0.062s] Invoked command in '/home/ayush/Documents/ayush_ws/build/bot_world' returned '0': CMAKE_PREFIX_PATH=${CMAKE_PREFIX_PATH}:/opt/ros/humble /usr/bin/cmake --install /home/ayush/Documents/ayush_ws/build/bot_world
