[0.067s] DEBUG:colcon:Command line arguments: ['/usr/bin/colcon', 'build']
[0.067s] DEBUG:colcon:Parsed command line arguments: Namespace(log_base=None, log_level=None, verb_name='build', build_base='build', install_base='install', merge_install=False, symlink_install=False, test_result_base=None, continue_on_error=False, executor='parallel', parallel_workers=12, event_handlers=None, ignore_user_meta=False, metas=['./colcon.meta'], base_paths=['.'], packages_ignore=None, packages_ignore_regex=None, paths=None, packages_up_to=None, packages_up_to_regex=None, packages_above=None, packages_above_and_dependencies=None, packages_above_depth=None, packages_select_by_dep=None, packages_skip_by_dep=None, packages_skip_up_to=None, packages_select_build_failed=False, packages_skip_build_finished=False, packages_select_test_failures=False, packages_skip_test_passed=False, packages_select=None, packages_skip=None, packages_select_regex=None, packages_skip_regex=None, packages_start=None, packages_end=None, allow_overriding=[], cmake_args=None, cmake_target=None, cmake_target_skip_unavailable=False, cmake_clean_cache=False, cmake_clean_first=False, cmake_force_configure=False, ament_cmake_args=None, catkin_cmake_args=None, catkin_skip_building_tests=False, mixin_files=None, mixin=None, verb_parser=<colcon_mixin.mixin.mixin_argument.MixinArgumentDecorator object at 0x7f5735e15cc0>, verb_extension=<colcon_core.verb.build.BuildVerb object at 0x7f5735e156c0>, main=<bound method BuildVerb.main of <colcon_core.verb.build.BuildVerb object at 0x7f5735e156c0>>, mixin_verb=('build',))
[0.174s] Level 1:colcon.colcon_core.package_discovery:discover_packages(colcon_meta) check parameters
[0.174s] Level 1:colcon.colcon_core.package_discovery:discover_packages(recursive) check parameters
[0.174s] Level 1:colcon.colcon_core.package_discovery:discover_packages(ignore) check parameters
[0.174s] Level 1:colcon.colcon_core.package_discovery:discover_packages(path) check parameters
[0.174s] Level 1:colcon.colcon_core.package_discovery:discover_packages(colcon_meta) discover
[0.174s] Level 1:colcon.colcon_core.package_discovery:discover_packages(recursive) discover
[0.174s] INFO:colcon.colcon_core.package_discovery:Crawling recursively for packages in '/home/ayush/Documents/ayush_ws'
[0.174s] Level 1:colcon.colcon_core.package_identification:_identify(.) by extensions ['ignore', 'ignore_ament_install']
[0.174s] Level 1:colcon.colcon_core.package_identification:_identify(.) by extension 'ignore'
[0.174s] Level 1:colcon.colcon_core.package_identification:_identify(.) by extension 'ignore_ament_install'
[0.174s] Level 1:colcon.colcon_core.package_identification:_identify(.) by extensions ['colcon_pkg']
[0.174s] Level 1:colcon.colcon_core.package_identification:_identify(.) by extension 'colcon_pkg'
[0.174s] Level 1:colcon.colcon_core.package_identification:_identify(.) by extensions ['colcon_meta']
[0.174s] Level 1:colcon.colcon_core.package_identification:_identify(.) by extension 'colcon_meta'
[0.174s] Level 1:colcon.colcon_core.package_identification:_identify(.) by extensions ['ros']
[0.174s] Level 1:colcon.colcon_core.package_identification:_identify(.) by extension 'ros'
[0.181s] Level 1:colcon.colcon_core.package_identification:_identify(.) by extensions ['cmake', 'python']
[0.181s] Level 1:colcon.colcon_core.package_identification:_identify(.) by extension 'cmake'
[0.181s] Level 1:colcon.colcon_core.package_identification:_identify(.) by extension 'python'
[0.181s] Level 1:colcon.colcon_core.package_identification:_identify(.) by extensions ['python_setup_py']
[0.181s] Level 1:colcon.colcon_core.package_identification:_identify(.) by extension 'python_setup_py'
[0.181s] Level 1:colcon.colcon_core.package_identification:_identify(build) by extensions ['ignore', 'ignore_ament_install']
[0.182s] Level 1:colcon.colcon_core.package_identification:_identify(build) by extension 'ignore'
[0.182s] Level 1:colcon.colcon_core.package_identification:_identify(build) ignored
[0.182s] Level 1:colcon.colcon_core.package_identification:_identify(install) by extensions ['ignore', 'ignore_ament_install']
[0.182s] Level 1:colcon.colcon_core.package_identification:_identify(install) by extension 'ignore'
[0.182s] Level 1:colcon.colcon_core.package_identification:_identify(install) ignored
[0.182s] Level 1:colcon.colcon_core.package_identification:_identify(log) by extensions ['ignore', 'ignore_ament_install']
[0.182s] Level 1:colcon.colcon_core.package_identification:_identify(log) by extension 'ignore'
[0.182s] Level 1:colcon.colcon_core.package_identification:_identify(log) ignored
[0.182s] Level 1:colcon.colcon_core.package_identification:_identify(src) by extensions ['ignore', 'ignore_ament_install']
[0.182s] Level 1:colcon.colcon_core.package_identification:_identify(src) by extension 'ignore'
[0.182s] Level 1:colcon.colcon_core.package_identification:_identify(src) by extension 'ignore_ament_install'
[0.182s] Level 1:colcon.colcon_core.package_identification:_identify(src) by extensions ['colcon_pkg']
[0.182s] Level 1:colcon.colcon_core.package_identification:_identify(src) by extension 'colcon_pkg'
[0.182s] Level 1:colcon.colcon_core.package_identification:_identify(src) by extensions ['colcon_meta']
[0.182s] Level 1:colcon.colcon_core.package_identification:_identify(src) by extension 'colcon_meta'
[0.182s] Level 1:colcon.colcon_core.package_identification:_identify(src) by extensions ['ros']
[0.182s] Level 1:colcon.colcon_core.package_identification:_identify(src) by extension 'ros'
[0.182s] Level 1:colcon.colcon_core.package_identification:_identify(src) by extensions ['cmake', 'python']
[0.182s] Level 1:colcon.colcon_core.package_identification:_identify(src) by extension 'cmake'
[0.182s] Level 1:colcon.colcon_core.package_identification:_identify(src) by extension 'python'
[0.182s] Level 1:colcon.colcon_core.package_identification:_identify(src) by extensions ['python_setup_py']
[0.182s] Level 1:colcon.colcon_core.package_identification:_identify(src) by extension 'python_setup_py'
[0.182s] Level 1:colcon.colcon_core.package_identification:_identify(src/bot_control) by extensions ['ignore', 'ignore_ament_install']
[0.182s] Level 1:colcon.colcon_core.package_identification:_identify(src/bot_control) by extension 'ignore'
[0.182s] Level 1:colcon.colcon_core.package_identification:_identify(src/bot_control) by extension 'ignore_ament_install'
[0.182s] Level 1:colcon.colcon_core.package_identification:_identify(src/bot_control) by extensions ['colcon_pkg']
[0.182s] Level 1:colcon.colcon_core.package_identification:_identify(src/bot_control) by extension 'colcon_pkg'
[0.182s] Level 1:colcon.colcon_core.package_identification:_identify(src/bot_control) by extensions ['colcon_meta']
[0.182s] Level 1:colcon.colcon_core.package_identification:_identify(src/bot_control) by extension 'colcon_meta'
[0.183s] Level 1:colcon.colcon_core.package_identification:_identify(src/bot_control) by extensions ['ros']
[0.183s] Level 1:colcon.colcon_core.package_identification:_identify(src/bot_control) by extension 'ros'
[0.184s] DEBUG:colcon.colcon_core.package_identification:Package 'src/bot_control' with type 'ros.ament_cmake' and name 'bot_control'
[0.184s] Level 1:colcon.colcon_core.package_identification:_identify(src/bot_description) by extensions ['ignore', 'ignore_ament_install']
[0.184s] Level 1:colcon.colcon_core.package_identification:_identify(src/bot_description) by extension 'ignore'
[0.184s] Level 1:colcon.colcon_core.package_identification:_identify(src/bot_description) by extension 'ignore_ament_install'
[0.184s] Level 1:colcon.colcon_core.package_identification:_identify(src/bot_description) by extensions ['colcon_pkg']
[0.184s] Level 1:colcon.colcon_core.package_identification:_identify(src/bot_description) by extension 'colcon_pkg'
[0.184s] Level 1:colcon.colcon_core.package_identification:_identify(src/bot_description) by extensions ['colcon_meta']
[0.184s] Level 1:colcon.colcon_core.package_identification:_identify(src/bot_description) by extension 'colcon_meta'
[0.184s] Level 1:colcon.colcon_core.package_identification:_identify(src/bot_description) by extensions ['ros']
[0.184s] Level 1:colcon.colcon_core.package_identification:_identify(src/bot_description) by extension 'ros'
[0.185s] DEBUG:colcon.colcon_core.package_identification:Package 'src/bot_description' with type 'ros.ament_cmake' and name 'bot_description'
[0.185s] Level 1:colcon.colcon_core.package_identification:_identify(src/bot_world) by extensions ['ignore', 'ignore_ament_install']
[0.185s] Level 1:colcon.colcon_core.package_identification:_identify(src/bot_world) by extension 'ignore'
[0.185s] Level 1:colcon.colcon_core.package_identification:_identify(src/bot_world) by extension 'ignore_ament_install'
[0.185s] Level 1:colcon.colcon_core.package_identification:_identify(src/bot_world) by extensions ['colcon_pkg']
[0.185s] Level 1:colcon.colcon_core.package_identification:_identify(src/bot_world) by extension 'colcon_pkg'
[0.185s] Level 1:colcon.colcon_core.package_identification:_identify(src/bot_world) by extensions ['colcon_meta']
[0.185s] Level 1:colcon.colcon_core.package_identification:_identify(src/bot_world) by extension 'colcon_meta'
[0.185s] Level 1:colcon.colcon_core.package_identification:_identify(src/bot_world) by extensions ['ros']
[0.185s] Level 1:colcon.colcon_core.package_identification:_identify(src/bot_world) by extension 'ros'
[0.185s] DEBUG:colcon.colcon_core.package_identification:Package 'src/bot_world' with type 'ros.ament_cmake' and name 'bot_world'
[0.185s] Level 1:colcon.colcon_core.package_discovery:discover_packages(recursive) using defaults
[0.186s] Level 1:colcon.colcon_core.package_discovery:discover_packages(ignore) discover
[0.186s] Level 1:colcon.colcon_core.package_discovery:discover_packages(ignore) using defaults
[0.186s] Level 1:colcon.colcon_core.package_discovery:discover_packages(path) discover
[0.186s] Level 1:colcon.colcon_core.package_discovery:discover_packages(path) using defaults
[0.205s] Level 1:colcon.colcon_core.package_discovery:discover_packages(prefix_path) check parameters
[0.205s] Level 1:colcon.colcon_core.package_discovery:discover_packages(prefix_path) discover
[0.207s] DEBUG:colcon.colcon_installed_package_information.package_discovery:Found 3 installed packages in /home/ayush/Documents/ayush_ws/install
[0.208s] DEBUG:colcon.colcon_installed_package_information.package_discovery:Found 370 installed packages in /opt/ros/humble
[0.209s] Level 1:colcon.colcon_core.package_discovery:discover_packages(prefix_path) using defaults
[0.237s] Level 5:colcon.colcon_core.verb:set package 'bot_control' build argument 'cmake_args' from command line to 'None'
[0.237s] Level 5:colcon.colcon_core.verb:set package 'bot_control' build argument 'cmake_target' from command line to 'None'
[0.237s] Level 5:colcon.colcon_core.verb:set package 'bot_control' build argument 'cmake_target_skip_unavailable' from command line to 'False'
[0.237s] Level 5:colcon.colcon_core.verb:set package 'bot_control' build argument 'cmake_clean_cache' from command line to 'False'
[0.237s] Level 5:colcon.colcon_core.verb:set package 'bot_control' build argument 'cmake_clean_first' from command line to 'False'
[0.237s] Level 5:colcon.colcon_core.verb:set package 'bot_control' build argument 'cmake_force_configure' from command line to 'False'
[0.237s] Level 5:colcon.colcon_core.verb:set package 'bot_control' build argument 'ament_cmake_args' from command line to 'None'
[0.237s] Level 5:colcon.colcon_core.verb:set package 'bot_control' build argument 'catkin_cmake_args' from command line to 'None'
[0.237s] Level 5:colcon.colcon_core.verb:set package 'bot_control' build argument 'catkin_skip_building_tests' from command line to 'False'
[0.237s] DEBUG:colcon.colcon_core.verb:Building package 'bot_control' with the following arguments: {'ament_cmake_args': None, 'build_base': '/home/ayush/Documents/ayush_ws/build/bot_control', 'catkin_cmake_args': None, 'catkin_skip_building_tests': False, 'cmake_args': None, 'cmake_clean_cache': False, 'cmake_clean_first': False, 'cmake_force_configure': False, 'cmake_target': None, 'cmake_target_skip_unavailable': False, 'install_base': '/home/ayush/Documents/ayush_ws/install/bot_control', 'merge_install': False, 'path': '/home/ayush/Documents/ayush_ws/src/bot_control', 'symlink_install': False, 'test_result_base': None}
[0.237s] Level 5:colcon.colcon_core.verb:set package 'bot_description' build argument 'cmake_args' from command line to 'None'
[0.237s] Level 5:colcon.colcon_core.verb:set package 'bot_description' build argument 'cmake_target' from command line to 'None'
[0.237s] Level 5:colcon.colcon_core.verb:set package 'bot_description' build argument 'cmake_target_skip_unavailable' from command line to 'False'
[0.237s] Level 5:colcon.colcon_core.verb:set package 'bot_description' build argument 'cmake_clean_cache' from command line to 'False'
[0.237s] Level 5:colcon.colcon_core.verb:set package 'bot_description' build argument 'cmake_clean_first' from command line to 'False'
[0.237s] Level 5:colcon.colcon_core.verb:set package 'bot_description' build argument 'cmake_force_configure' from command line to 'False'
[0.237s] Level 5:colcon.colcon_core.verb:set package 'bot_description' build argument 'ament_cmake_args' from command line to 'None'
[0.238s] Level 5:colcon.colcon_core.verb:set package 'bot_description' build argument 'catkin_cmake_args' from command line to 'None'
[0.238s] Level 5:colcon.colcon_core.verb:set package 'bot_description' build argument 'catkin_skip_building_tests' from command line to 'False'
[0.238s] DEBUG:colcon.colcon_core.verb:Building package 'bot_description' with the following arguments: {'ament_cmake_args': None, 'build_base': '/home/ayush/Documents/ayush_ws/build/bot_description', 'catkin_cmake_args': None, 'catkin_skip_building_tests': False, 'cmake_args': None, 'cmake_clean_cache': False, 'cmake_clean_first': False, 'cmake_force_configure': False, 'cmake_target': None, 'cmake_target_skip_unavailable': False, 'install_base': '/home/ayush/Documents/ayush_ws/install/bot_description', 'merge_install': False, 'path': '/home/ayush/Documents/ayush_ws/src/bot_description', 'symlink_install': False, 'test_result_base': None}
[0.238s] Level 5:colcon.colcon_core.verb:set package 'bot_world' build argument 'cmake_args' from command line to 'None'
[0.238s] Level 5:colcon.colcon_core.verb:set package 'bot_world' build argument 'cmake_target' from command line to 'None'
[0.238s] Level 5:colcon.colcon_core.verb:set package 'bot_world' build argument 'cmake_target_skip_unavailable' from command line to 'False'
[0.238s] Level 5:colcon.colcon_core.verb:set package 'bot_world' build argument 'cmake_clean_cache' from command line to 'False'
[0.238s] Level 5:colcon.colcon_core.verb:set package 'bot_world' build argument 'cmake_clean_first' from command line to 'False'
[0.238s] Level 5:colcon.colcon_core.verb:set package 'bot_world' build argument 'cmake_force_configure' from command line to 'False'
[0.238s] Level 5:colcon.colcon_core.verb:set package 'bot_world' build argument 'ament_cmake_args' from command line to 'None'
[0.238s] Level 5:colcon.colcon_core.verb:set package 'bot_world' build argument 'catkin_cmake_args' from command line to 'None'
[0.238s] Level 5:colcon.colcon_core.verb:set package 'bot_world' build argument 'catkin_skip_building_tests' from command line to 'False'
[0.238s] DEBUG:colcon.colcon_core.verb:Building package 'bot_world' with the following arguments: {'ament_cmake_args': None, 'build_base': '/home/ayush/Documents/ayush_ws/build/bot_world', 'catkin_cmake_args': None, 'catkin_skip_building_tests': False, 'cmake_args': None, 'cmake_clean_cache': False, 'cmake_clean_first': False, 'cmake_force_configure': False, 'cmake_target': None, 'cmake_target_skip_unavailable': False, 'install_base': '/home/ayush/Documents/ayush_ws/install/bot_world', 'merge_install': False, 'path': '/home/ayush/Documents/ayush_ws/src/bot_world', 'symlink_install': False, 'test_result_base': None}
[0.238s] INFO:colcon.colcon_core.executor:Executing jobs using 'parallel' executor
[0.239s] DEBUG:colcon.colcon_parallel_executor.executor.parallel:run_until_complete
[0.239s] INFO:colcon.colcon_ros.task.ament_cmake.build:Building ROS package in '/home/ayush/Documents/ayush_ws/src/bot_control' with build type 'ament_cmake'
[0.239s] INFO:colcon.colcon_cmake.task.cmake.build:Building CMake package in '/home/ayush/Documents/ayush_ws/src/bot_control'
[0.240s] INFO:colcon.colcon_core.plugin_system:Skipping extension 'colcon_core.shell.bat': Not used on non-Windows systems
[0.240s] INFO:colcon.colcon_core.shell:Skip shell extension 'powershell' for command environment: Not usable outside of PowerShell
[0.240s] DEBUG:colcon.colcon_core.shell:Skip shell extension 'dsv' for command environment
[0.243s] INFO:colcon.colcon_ros.task.ament_cmake.build:Building ROS package in '/home/ayush/Documents/ayush_ws/src/bot_description' with build type 'ament_cmake'
[0.243s] INFO:colcon.colcon_cmake.task.cmake.build:Building CMake package in '/home/ayush/Documents/ayush_ws/src/bot_description'
[0.243s] INFO:colcon.colcon_core.shell:Skip shell extension 'powershell' for command environment: Not usable outside of PowerShell
[0.243s] DEBUG:colcon.colcon_core.shell:Skip shell extension 'dsv' for command environment
[0.245s] INFO:colcon.colcon_ros.task.ament_cmake.build:Building ROS package in '/home/ayush/Documents/ayush_ws/src/bot_world' with build type 'ament_cmake'
[0.245s] INFO:colcon.colcon_cmake.task.cmake.build:Building CMake package in '/home/ayush/Documents/ayush_ws/src/bot_world'
[0.245s] INFO:colcon.colcon_core.shell:Skip shell extension 'powershell' for command environment: Not usable outside of PowerShell
[0.245s] DEBUG:colcon.colcon_core.shell:Skip shell extension 'dsv' for command environment
[0.253s] DEBUG:colcon.colcon_core.event_handler.log_command:Invoking command in '/home/ayush/Documents/ayush_ws/build/bot_control': CMAKE_PREFIX_PATH=${CMAKE_PREFIX_PATH}:/opt/ros/humble /usr/bin/cmake --build /home/ayush/Documents/ayush_ws/build/bot_control -- -j12 -l12
[0.255s] DEBUG:colcon.colcon_core.event_handler.log_command:Invoking command in '/home/ayush/Documents/ayush_ws/build/bot_description': CMAKE_PREFIX_PATH=${CMAKE_PREFIX_PATH}:/opt/ros/humble /usr/bin/cmake --build /home/ayush/Documents/ayush_ws/build/bot_description -- -j12 -l12
[0.257s] DEBUG:colcon.colcon_core.event_handler.log_command:Invoking command in '/home/ayush/Documents/ayush_ws/build/bot_world': CMAKE_PREFIX_PATH=${CMAKE_PREFIX_PATH}:/opt/ros/humble /usr/bin/cmake --build /home/ayush/Documents/ayush_ws/build/bot_world -- -j12 -l12
[0.279s] DEBUG:colcon.colcon_core.event_handler.log_command:Invoked command in '/home/ayush/Documents/ayush_ws/build/bot_description' returned '0': CMAKE_PREFIX_PATH=${CMAKE_PREFIX_PATH}:/opt/ros/humble /usr/bin/cmake --build /home/ayush/Documents/ayush_ws/build/bot_description -- -j12 -l12
[0.285s] DEBUG:colcon.colcon_core.event_handler.log_command:Invoking command in '/home/ayush/Documents/ayush_ws/build/bot_description': CMAKE_PREFIX_PATH=${CMAKE_PREFIX_PATH}:/opt/ros/humble /usr/bin/cmake --install /home/ayush/Documents/ayush_ws/build/bot_description
[0.286s] DEBUG:colcon.colcon_core.event_handler.log_command:Invoked command in '/home/ayush/Documents/ayush_ws/build/bot_world' returned '0': CMAKE_PREFIX_PATH=${CMAKE_PREFIX_PATH}:/opt/ros/humble /usr/bin/cmake --build /home/ayush/Documents/ayush_ws/build/bot_world -- -j12 -l12
[0.287s] DEBUG:colcon.colcon_core.event_handler.log_command:Invoking command in '/home/ayush/Documents/ayush_ws/build/bot_world': CMAKE_PREFIX_PATH=${CMAKE_PREFIX_PATH}:/opt/ros/humble /usr/bin/cmake --install /home/ayush/Documents/ayush_ws/build/bot_world
[0.292s] Level 1:colcon.colcon_core.environment:create_environment_scripts_only(bot_description)
[0.296s] Level 1:colcon.colcon_core.environment:checking '/home/ayush/Documents/ayush_ws/install/bot_description' for CMake module files
[0.296s] Level 1:colcon.colcon_core.environment:checking '/home/ayush/Documents/ayush_ws/install/bot_description' for CMake config files
[0.297s] DEBUG:colcon.colcon_core.event_handler.log_command:Invoked command in '/home/ayush/Documents/ayush_ws/build/bot_description' returned '0': CMAKE_PREFIX_PATH=${CMAKE_PREFIX_PATH}:/opt/ros/humble /usr/bin/cmake --install /home/ayush/Documents/ayush_ws/build/bot_description
[0.297s] Level 1:colcon.colcon_core.shell:create_environment_hook('bot_description', 'cmake_prefix_path')
[0.297s] INFO:colcon.colcon_core.shell:Creating environment hook '/home/ayush/Documents/ayush_ws/install/bot_description/share/bot_description/hook/cmake_prefix_path.ps1'
[0.298s] INFO:colcon.colcon_core.shell:Creating environment descriptor '/home/ayush/Documents/ayush_ws/install/bot_description/share/bot_description/hook/cmake_prefix_path.dsv'
[0.298s] INFO:colcon.colcon_core.shell:Creating environment hook '/home/ayush/Documents/ayush_ws/install/bot_description/share/bot_description/hook/cmake_prefix_path.sh'
[0.299s] Level 1:colcon.colcon_core.environment:checking '/home/ayush/Documents/ayush_ws/install/bot_description/bin'
[0.299s] Level 1:colcon.colcon_core.environment:checking '/home/ayush/Documents/ayush_ws/install/bot_description/lib/pkgconfig/bot_description.pc'
[0.299s] Level 1:colcon.colcon_core.environment:checking '/home/ayush/Documents/ayush_ws/install/bot_description/lib/python3.10/site-packages'
[0.299s] Level 1:colcon.colcon_core.environment:checking '/home/ayush/Documents/ayush_ws/install/bot_description/bin'
[0.299s] INFO:colcon.colcon_core.shell:Creating package script '/home/ayush/Documents/ayush_ws/install/bot_description/share/bot_description/package.ps1'
[0.300s] INFO:colcon.colcon_core.shell:Creating package descriptor '/home/ayush/Documents/ayush_ws/install/bot_description/share/bot_description/package.dsv'
[0.300s] INFO:colcon.colcon_core.shell:Creating package script '/home/ayush/Documents/ayush_ws/install/bot_description/share/bot_description/package.sh'
[0.301s] INFO:colcon.colcon_core.shell:Creating package script '/home/ayush/Documents/ayush_ws/install/bot_description/share/bot_description/package.bash'
[0.301s] INFO:colcon.colcon_core.shell:Creating package script '/home/ayush/Documents/ayush_ws/install/bot_description/share/bot_description/package.zsh'
[0.302s] Level 1:colcon.colcon_core.environment:create_file_with_runtime_dependencies(/home/ayush/Documents/ayush_ws/install/bot_description/share/colcon-core/packages/bot_description)
[0.302s] Level 1:colcon.colcon_core.environment:create_environment_scripts_only(bot_description)
[0.302s] Level 1:colcon.colcon_core.environment:checking '/home/ayush/Documents/ayush_ws/install/bot_description' for CMake module files
[0.302s] Level 1:colcon.colcon_core.environment:checking '/home/ayush/Documents/ayush_ws/install/bot_description' for CMake config files
[0.303s] Level 1:colcon.colcon_core.shell:create_environment_hook('bot_description', 'cmake_prefix_path')
[0.303s] INFO:colcon.colcon_core.shell:Creating environment hook '/home/ayush/Documents/ayush_ws/install/bot_description/share/bot_description/hook/cmake_prefix_path.ps1'
[0.303s] INFO:colcon.colcon_core.shell:Creating environment descriptor '/home/ayush/Documents/ayush_ws/install/bot_description/share/bot_description/hook/cmake_prefix_path.dsv'
[0.303s] INFO:colcon.colcon_core.shell:Creating environment hook '/home/ayush/Documents/ayush_ws/install/bot_description/share/bot_description/hook/cmake_prefix_path.sh'
[0.303s] Level 1:colcon.colcon_core.environment:checking '/home/ayush/Documents/ayush_ws/install/bot_description/bin'
[0.304s] Level 1:colcon.colcon_core.environment:checking '/home/ayush/Documents/ayush_ws/install/bot_description/lib/pkgconfig/bot_description.pc'
[0.304s] Level 1:colcon.colcon_core.environment:checking '/home/ayush/Documents/ayush_ws/install/bot_description/lib/python3.10/site-packages'
[0.304s] Level 1:colcon.colcon_core.environment:checking '/home/ayush/Documents/ayush_ws/install/bot_description/bin'
[0.304s] INFO:colcon.colcon_core.shell:Creating package script '/home/ayush/Documents/ayush_ws/install/bot_description/share/bot_description/package.ps1'
[0.304s] INFO:colcon.colcon_core.shell:Creating package descriptor '/home/ayush/Documents/ayush_ws/install/bot_description/share/bot_description/package.dsv'
[0.305s] INFO:colcon.colcon_core.shell:Creating package script '/home/ayush/Documents/ayush_ws/install/bot_description/share/bot_description/package.sh'
[0.305s] INFO:colcon.colcon_core.shell:Creating package script '/home/ayush/Documents/ayush_ws/install/bot_description/share/bot_description/package.bash'
[0.305s] INFO:colcon.colcon_core.shell:Creating package script '/home/ayush/Documents/ayush_ws/install/bot_description/share/bot_description/package.zsh'
[0.305s] Level 1:colcon.colcon_core.environment:create_file_with_runtime_dependencies(/home/ayush/Documents/ayush_ws/install/bot_description/share/colcon-core/packages/bot_description)
[0.306s] Level 1:colcon.colcon_core.environment:create_environment_scripts_only(bot_world)
[0.306s] Level 1:colcon.colcon_core.environment:checking '/home/ayush/Documents/ayush_ws/install/bot_world' for CMake module files
[0.307s] Level 1:colcon.colcon_core.environment:checking '/home/ayush/Documents/ayush_ws/install/bot_world' for CMake config files
[0.307s] DEBUG:colcon.colcon_core.event_handler.log_command:Invoked command in '/home/ayush/Documents/ayush_ws/build/bot_world' returned '0': CMAKE_PREFIX_PATH=${CMAKE_PREFIX_PATH}:/opt/ros/humble /usr/bin/cmake --install /home/ayush/Documents/ayush_ws/build/bot_world
[0.307s] Level 1:colcon.colcon_core.shell:create_environment_hook('bot_world', 'cmake_prefix_path')
[0.307s] INFO:colcon.colcon_core.shell:Creating environment hook '/home/ayush/Documents/ayush_ws/install/bot_world/share/bot_world/hook/cmake_prefix_path.ps1'
[0.307s] INFO:colcon.colcon_core.shell:Creating environment descriptor '/home/ayush/Documents/ayush_ws/install/bot_world/share/bot_world/hook/cmake_prefix_path.dsv'
[0.308s] INFO:colcon.colcon_core.shell:Creating environment hook '/home/ayush/Documents/ayush_ws/install/bot_world/share/bot_world/hook/cmake_prefix_path.sh'
[0.308s] Level 1:colcon.colcon_core.environment:checking '/home/ayush/Documents/ayush_ws/install/bot_world/bin'
[0.308s] Level 1:colcon.colcon_core.environment:checking '/home/ayush/Documents/ayush_ws/install/bot_world/lib/pkgconfig/bot_world.pc'
[0.308s] Level 1:colcon.colcon_core.environment:checking '/home/ayush/Documents/ayush_ws/install/bot_world/lib/python3.10/site-packages'
[0.308s] Level 1:colcon.colcon_core.environment:checking '/home/ayush/Documents/ayush_ws/install/bot_world/bin'
[0.308s] INFO:colcon.colcon_core.shell:Creating package script '/home/ayush/Documents/ayush_ws/install/bot_world/share/bot_world/package.ps1'
[0.309s] INFO:colcon.colcon_core.shell:Creating package descriptor '/home/ayush/Documents/ayush_ws/install/bot_world/share/bot_world/package.dsv'
[0.309s] INFO:colcon.colcon_core.shell:Creating package script '/home/ayush/Documents/ayush_ws/install/bot_world/share/bot_world/package.sh'
[0.309s] INFO:colcon.colcon_core.shell:Creating package script '/home/ayush/Documents/ayush_ws/install/bot_world/share/bot_world/package.bash'
[0.309s] INFO:colcon.colcon_core.shell:Creating package script '/home/ayush/Documents/ayush_ws/install/bot_world/share/bot_world/package.zsh'
[0.310s] Level 1:colcon.colcon_core.environment:create_file_with_runtime_dependencies(/home/ayush/Documents/ayush_ws/install/bot_world/share/colcon-core/packages/bot_world)
[0.310s] Level 1:colcon.colcon_core.environment:create_environment_scripts_only(bot_world)
[0.310s] Level 1:colcon.colcon_core.environment:checking '/home/ayush/Documents/ayush_ws/install/bot_world' for CMake module files
[0.310s] Level 1:colcon.colcon_core.environment:checking '/home/ayush/Documents/ayush_ws/install/bot_world' for CMake config files
[0.311s] Level 1:colcon.colcon_core.shell:create_environment_hook('bot_world', 'cmake_prefix_path')
[0.311s] INFO:colcon.colcon_core.shell:Creating environment hook '/home/ayush/Documents/ayush_ws/install/bot_world/share/bot_world/hook/cmake_prefix_path.ps1'
[0.311s] INFO:colcon.colcon_core.shell:Creating environment descriptor '/home/ayush/Documents/ayush_ws/install/bot_world/share/bot_world/hook/cmake_prefix_path.dsv'
[0.311s] INFO:colcon.colcon_core.shell:Creating environment hook '/home/ayush/Documents/ayush_ws/install/bot_world/share/bot_world/hook/cmake_prefix_path.sh'
[0.312s] Level 1:colcon.colcon_core.environment:checking '/home/ayush/Documents/ayush_ws/install/bot_world/bin'
[0.312s] Level 1:colcon.colcon_core.environment:checking '/home/ayush/Documents/ayush_ws/install/bot_world/lib/pkgconfig/bot_world.pc'
[0.312s] Level 1:colcon.colcon_core.environment:checking '/home/ayush/Documents/ayush_ws/install/bot_world/lib/python3.10/site-packages'
[0.312s] Level 1:colcon.colcon_core.environment:checking '/home/ayush/Documents/ayush_ws/install/bot_world/bin'
[0.312s] INFO:colcon.colcon_core.shell:Creating package script '/home/ayush/Documents/ayush_ws/install/bot_world/share/bot_world/package.ps1'
[0.313s] INFO:colcon.colcon_core.shell:Creating package descriptor '/home/ayush/Documents/ayush_ws/install/bot_world/share/bot_world/package.dsv'
[0.313s] INFO:colcon.colcon_core.shell:Creating package script '/home/ayush/Documents/ayush_ws/install/bot_world/share/bot_world/package.sh'
[0.313s] INFO:colcon.colcon_core.shell:Creating package script '/home/ayush/Documents/ayush_ws/install/bot_world/share/bot_world/package.bash'
[0.313s] INFO:colcon.colcon_core.shell:Creating package script '/home/ayush/Documents/ayush_ws/install/bot_world/share/bot_world/package.zsh'
[0.314s] Level 1:colcon.colcon_core.environment:create_file_with_runtime_dependencies(/home/ayush/Documents/ayush_ws/install/bot_world/share/colcon-core/packages/bot_world)
[6.225s] DEBUG:colcon.colcon_core.event_handler.log_command:Invoked command in '/home/ayush/Documents/ayush_ws/build/bot_control' returned '0': CMAKE_PREFIX_PATH=${CMAKE_PREFIX_PATH}:/opt/ros/humble /usr/bin/cmake --build /home/ayush/Documents/ayush_ws/build/bot_control -- -j12 -l12
[6.226s] DEBUG:colcon.colcon_core.event_handler.log_command:Invoking command in '/home/ayush/Documents/ayush_ws/build/bot_control': CMAKE_PREFIX_PATH=${CMAKE_PREFIX_PATH}:/opt/ros/humble /usr/bin/cmake --install /home/ayush/Documents/ayush_ws/build/bot_control
[6.235s] Level 1:colcon.colcon_core.environment:create_environment_scripts_only(bot_control)
[6.236s] Level 1:colcon.colcon_core.environment:checking '/home/ayush/Documents/ayush_ws/install/bot_control' for CMake module files
[6.236s] DEBUG:colcon.colcon_core.event_handler.log_command:Invoked command in '/home/ayush/Documents/ayush_ws/build/bot_control' returned '0': CMAKE_PREFIX_PATH=${CMAKE_PREFIX_PATH}:/opt/ros/humble /usr/bin/cmake --install /home/ayush/Documents/ayush_ws/build/bot_control
[6.236s] Level 1:colcon.colcon_core.environment:checking '/home/ayush/Documents/ayush_ws/install/bot_control' for CMake config files
[6.236s] Level 1:colcon.colcon_core.shell:create_environment_hook('bot_control', 'cmake_prefix_path')
[6.236s] INFO:colcon.colcon_core.shell:Creating environment hook '/home/ayush/Documents/ayush_ws/install/bot_control/share/bot_control/hook/cmake_prefix_path.ps1'
[6.237s] INFO:colcon.colcon_core.shell:Creating environment descriptor '/home/ayush/Documents/ayush_ws/install/bot_control/share/bot_control/hook/cmake_prefix_path.dsv'
[6.237s] INFO:colcon.colcon_core.shell:Creating environment hook '/home/ayush/Documents/ayush_ws/install/bot_control/share/bot_control/hook/cmake_prefix_path.sh'
[6.237s] Level 1:colcon.colcon_core.environment:checking '/home/ayush/Documents/ayush_ws/install/bot_control/lib'
[6.237s] Level 1:colcon.colcon_core.environment:checking '/home/ayush/Documents/ayush_ws/install/bot_control/bin'
[6.238s] Level 1:colcon.colcon_core.environment:checking '/home/ayush/Documents/ayush_ws/install/bot_control/lib/pkgconfig/bot_control.pc'
[6.238s] Level 1:colcon.colcon_core.environment:checking '/home/ayush/Documents/ayush_ws/install/bot_control/lib/python3.10/site-packages'
[6.238s] Level 1:colcon.colcon_core.environment:checking '/home/ayush/Documents/ayush_ws/install/bot_control/bin'
[6.238s] INFO:colcon.colcon_core.shell:Creating package script '/home/ayush/Documents/ayush_ws/install/bot_control/share/bot_control/package.ps1'
[6.238s] INFO:colcon.colcon_core.shell:Creating package descriptor '/home/ayush/Documents/ayush_ws/install/bot_control/share/bot_control/package.dsv'
[6.239s] INFO:colcon.colcon_core.shell:Creating package script '/home/ayush/Documents/ayush_ws/install/bot_control/share/bot_control/package.sh'
[6.239s] INFO:colcon.colcon_core.shell:Creating package script '/home/ayush/Documents/ayush_ws/install/bot_control/share/bot_control/package.bash'
[6.239s] INFO:colcon.colcon_core.shell:Creating package script '/home/ayush/Documents/ayush_ws/install/bot_control/share/bot_control/package.zsh'
[6.239s] Level 1:colcon.colcon_core.environment:create_file_with_runtime_dependencies(/home/ayush/Documents/ayush_ws/install/bot_control/share/colcon-core/packages/bot_control)
[6.240s] Level 1:colcon.colcon_core.environment:create_environment_scripts_only(bot_control)
[6.240s] Level 1:colcon.colcon_core.environment:checking '/home/ayush/Documents/ayush_ws/install/bot_control' for CMake module files
[6.240s] Level 1:colcon.colcon_core.environment:checking '/home/ayush/Documents/ayush_ws/install/bot_control' for CMake config files
[6.240s] Level 1:colcon.colcon_core.shell:create_environment_hook('bot_control', 'cmake_prefix_path')
[6.240s] INFO:colcon.colcon_core.shell:Creating environment hook '/home/ayush/Documents/ayush_ws/install/bot_control/share/bot_control/hook/cmake_prefix_path.ps1'
[6.240s] INFO:colcon.colcon_core.shell:Creating environment descriptor '/home/ayush/Documents/ayush_ws/install/bot_control/share/bot_control/hook/cmake_prefix_path.dsv'
[6.241s] INFO:colcon.colcon_core.shell:Creating environment hook '/home/ayush/Documents/ayush_ws/install/bot_control/share/bot_control/hook/cmake_prefix_path.sh'
[6.241s] Level 1:colcon.colcon_core.environment:checking '/home/ayush/Documents/ayush_ws/install/bot_control/lib'
[6.241s] Level 1:colcon.colcon_core.environment:checking '/home/ayush/Documents/ayush_ws/install/bot_control/bin'
[6.241s] Level 1:colcon.colcon_core.environment:checking '/home/ayush/Documents/ayush_ws/install/bot_control/lib/pkgconfig/bot_control.pc'
[6.241s] Level 1:colcon.colcon_core.environment:checking '/home/ayush/Documents/ayush_ws/install/bot_control/lib/python3.10/site-packages'
[6.241s] Level 1:colcon.colcon_core.environment:checking '/home/ayush/Documents/ayush_ws/install/bot_control/bin'
[6.242s] INFO:colcon.colcon_core.shell:Creating package script '/home/ayush/Documents/ayush_ws/install/bot_control/share/bot_control/package.ps1'
[6.242s] INFO:colcon.colcon_core.shell:Creating package descriptor '/home/ayush/Documents/ayush_ws/install/bot_control/share/bot_control/package.dsv'
[6.242s] INFO:colcon.colcon_core.shell:Creating package script '/home/ayush/Documents/ayush_ws/install/bot_control/share/bot_control/package.sh'
[6.242s] INFO:colcon.colcon_core.shell:Creating package script '/home/ayush/Documents/ayush_ws/install/bot_control/share/bot_control/package.bash'
[6.243s] INFO:colcon.colcon_core.shell:Creating package script '/home/ayush/Documents/ayush_ws/install/bot_control/share/bot_control/package.zsh'
[6.243s] Level 1:colcon.colcon_core.environment:create_file_with_runtime_dependencies(/home/ayush/Documents/ayush_ws/install/bot_control/share/colcon-core/packages/bot_control)
[6.243s] DEBUG:colcon.colcon_parallel_executor.executor.parallel:closing loop
[6.243s] DEBUG:colcon.colcon_parallel_executor.executor.parallel:loop closed
[6.243s] DEBUG:colcon.colcon_parallel_executor.executor.parallel:run_until_complete finished with '0'
[6.243s] DEBUG:colcon.colcon_core.event_reactor:joining thread
[6.247s] INFO:colcon.colcon_core.plugin_system:Skipping extension 'colcon_notification.desktop_notification.terminal_notifier': Not used on non-Darwin systems
[6.247s] INFO:colcon.colcon_core.plugin_system:Skipping extension 'colcon_notification.desktop_notification.win32': Not used on non-Windows systems
[6.247s] INFO:colcon.colcon_notification.desktop_notification:Sending desktop notification using 'notify2'
[6.255s] DEBUG:colcon.colcon_core.event_reactor:joined thread
[6.255s] INFO:colcon.colcon_core.shell:Creating prefix script '/home/ayush/Documents/ayush_ws/install/local_setup.ps1'
[6.256s] INFO:colcon.colcon_core.shell:Creating prefix util module '/home/ayush/Documents/ayush_ws/install/_local_setup_util_ps1.py'
[6.257s] INFO:colcon.colcon_core.shell:Creating prefix chain script '/home/ayush/Documents/ayush_ws/install/setup.ps1'
[6.257s] INFO:colcon.colcon_core.shell:Creating prefix script '/home/ayush/Documents/ayush_ws/install/local_setup.sh'
[6.258s] INFO:colcon.colcon_core.shell:Creating prefix util module '/home/ayush/Documents/ayush_ws/install/_local_setup_util_sh.py'
[6.258s] INFO:colcon.colcon_core.shell:Creating prefix chain script '/home/ayush/Documents/ayush_ws/install/setup.sh'
[6.259s] INFO:colcon.colcon_core.shell:Creating prefix script '/home/ayush/Documents/ayush_ws/install/local_setup.bash'
[6.259s] INFO:colcon.colcon_core.shell:Creating prefix chain script '/home/ayush/Documents/ayush_ws/install/setup.bash'
[6.260s] INFO:colcon.colcon_core.shell:Creating prefix script '/home/ayush/Documents/ayush_ws/install/local_setup.zsh'
[6.261s] INFO:colcon.colcon_core.shell:Creating prefix chain script '/home/ayush/Documents/ayush_ws/install/setup.zsh'
