-- Install configuration: ""
-- Up-to-date: /home/ayush/Documents/ayush_ws/install/bot_description/share/bot_description/description
-- Up-to-date: /home/ayush/Documents/ayush_ws/install/bot_description/share/bot_description/description/gazebo_control.xacro
-- Up-to-date: /home/ayush/Documents/ayush_ws/install/bot_description/share/bot_description/description/inertial_macros.xacro
-- Up-to-date: /home/ayush/Documents/ayush_ws/install/bot_description/share/bot_description/description/sensor.xacro
-- Up-to-date: /home/ayush/Documents/ayush_ws/install/bot_description/share/bot_description/description/bot_structure.urdf.xacro
-- Up-to-date: /home/ayush/Documents/ayush_ws/install/bot_description/share/bot_description/launch
-- Up-to-date: /home/ayush/Documents/ayush_ws/install/bot_description/share/bot_description/launch/control.launch.py
-- Up-to-date: /home/ayush/Documents/ayush_ws/install/bot_description/share/bot_description/launch/spawn.launch.py
-- Up-to-date: /home/ayush/Documents/ayush_ws/install/bot_description/share/bot_description/launch/rviz.launch.py
-- Up-to-date: /home/ayush/Documents/ayush_ws/install/bot_description/share/bot_description/config
-- Up-to-date: /home/ayush/Documents/ayush_ws/install/bot_description/share/bot_description/config/bot.rviz
-- Up-to-date: /home/ayush/Documents/ayush_ws/install/bot_description/share/ament_index/resource_index/package_run_dependencies/bot_description
-- Up-to-date: /home/ayush/Documents/ayush_ws/install/bot_description/share/ament_index/resource_index/parent_prefix_path/bot_description
-- Up-to-date: /home/ayush/Documents/ayush_ws/install/bot_description/share/bot_description/environment/ament_prefix_path.sh
-- Up-to-date: /home/ayush/Documents/ayush_ws/install/bot_description/share/bot_description/environment/ament_prefix_path.dsv
-- Up-to-date: /home/ayush/Documents/ayush_ws/install/bot_description/share/bot_description/environment/path.sh
-- Up-to-date: /home/ayush/Documents/ayush_ws/install/bot_description/share/bot_description/environment/path.dsv
-- Up-to-date: /home/ayush/Documents/ayush_ws/install/bot_description/share/bot_description/local_setup.bash
-- Up-to-date: /home/ayush/Documents/ayush_ws/install/bot_description/share/bot_description/local_setup.sh
-- Up-to-date: /home/ayush/Documents/ayush_ws/install/bot_description/share/bot_description/local_setup.zsh
-- Up-to-date: /home/ayush/Documents/ayush_ws/install/bot_description/share/bot_description/local_setup.dsv
-- Installing: /home/ayush/Documents/ayush_ws/install/bot_description/share/bot_description/package.dsv
-- Up-to-date: /home/ayush/Documents/ayush_ws/install/bot_description/share/ament_index/resource_index/packages/bot_description
-- Up-to-date: /home/ayush/Documents/ayush_ws/install/bot_description/share/bot_description/cmake/bot_descriptionConfig.cmake
-- Up-to-date: /home/ayush/Documents/ayush_ws/install/bot_description/share/bot_description/cmake/bot_descriptionConfig-version.cmake
-- Up-to-date: /home/ayush/Documents/ayush_ws/install/bot_description/share/bot_description/package.xml
