[0.010s] Invoking command in '/home/ayush/Documents/ayush_ws/build/bot_description': CMAKE_PREFIX_PATH=${CMAKE_PREFIX_PATH}:/opt/ros/humble /usr/bin/cmake --build /home/ayush/Documents/ayush_ws/build/bot_description -- -j12 -l12
[0.034s] Invoked command in '/home/ayush/Documents/ayush_ws/build/bot_description' returned '0': CMAKE_PREFIX_PATH=${CMAKE_PREFIX_PATH}:/opt/ros/humble /usr/bin/cmake --build /home/ayush/Documents/ayush_ws/build/bot_description -- -j12 -l12
[0.041s] Invoking command in '/home/ayush/Documents/ayush_ws/build/bot_description': CMAKE_PREFIX_PATH=${CMAKE_PREFIX_PATH}:/opt/ros/humble /usr/bin/cmake --install /home/ayush/Documents/ayush_ws/build/bot_description
[0.045s] -- Install configuration: ""
[0.046s] -- Up-to-date: /home/ayush/Documents/ayush_ws/install/bot_description/share/bot_description/description
[0.046s] -- Up-to-date: /home/ayush/Documents/ayush_ws/install/bot_description/share/bot_description/description/gazebo_control.xacro
[0.046s] -- Up-to-date: /home/ayush/Documents/ayush_ws/install/bot_description/share/bot_description/description/inertial_macros.xacro
[0.046s] -- Up-to-date: /home/ayush/Documents/ayush_ws/install/bot_description/share/bot_description/description/sensor.xacro
[0.046s] -- Up-to-date: /home/ayush/Documents/ayush_ws/install/bot_description/share/bot_description/description/bot_structure.urdf.xacro
[0.046s] -- Up-to-date: /home/ayush/Documents/ayush_ws/install/bot_description/share/bot_description/launch
[0.046s] -- Up-to-date: /home/ayush/Documents/ayush_ws/install/bot_description/share/bot_description/launch/control.launch.py
[0.046s] -- Up-to-date: /home/ayush/Documents/ayush_ws/install/bot_description/share/bot_description/launch/spawn.launch.py
[0.046s] -- Up-to-date: /home/ayush/Documents/ayush_ws/install/bot_description/share/bot_description/launch/rviz.launch.py
[0.046s] -- Up-to-date: /home/ayush/Documents/ayush_ws/install/bot_description/share/bot_description/config
[0.046s] -- Up-to-date: /home/ayush/Documents/ayush_ws/install/bot_description/share/bot_description/config/bot.rviz
[0.046s] -- Up-to-date: /home/ayush/Documents/ayush_ws/install/bot_description/share/ament_index/resource_index/package_run_dependencies/bot_description
[0.046s] -- Up-to-date: /home/ayush/Documents/ayush_ws/install/bot_description/share/ament_index/resource_index/parent_prefix_path/bot_description
[0.046s] -- Up-to-date: /home/ayush/Documents/ayush_ws/install/bot_description/share/bot_description/environment/ament_prefix_path.sh
[0.046s] -- Up-to-date: /home/ayush/Documents/ayush_ws/install/bot_description/share/bot_description/environment/ament_prefix_path.dsv
[0.047s] -- Up-to-date: /home/ayush/Documents/ayush_ws/install/bot_description/share/bot_description/environment/path.sh
[0.047s] -- Up-to-date: /home/ayush/Documents/ayush_ws/install/bot_description/share/bot_description/environment/path.dsv
[0.047s] -- Up-to-date: /home/ayush/Documents/ayush_ws/install/bot_description/share/bot_description/local_setup.bash
[0.047s] -- Up-to-date: /home/ayush/Documents/ayush_ws/install/bot_description/share/bot_description/local_setup.sh
[0.047s] -- Up-to-date: /home/ayush/Documents/ayush_ws/install/bot_description/share/bot_description/local_setup.zsh
[0.047s] -- Up-to-date: /home/ayush/Documents/ayush_ws/install/bot_description/share/bot_description/local_setup.dsv
[0.047s] -- Installing: /home/ayush/Documents/ayush_ws/install/bot_description/share/bot_description/package.dsv
[0.048s] -- Up-to-date: /home/ayush/Documents/ayush_ws/install/bot_description/share/ament_index/resource_index/packages/bot_description
[0.048s] -- Up-to-date: /home/ayush/Documents/ayush_ws/install/bot_description/share/bot_description/cmake/bot_descriptionConfig.cmake
[0.048s] -- Up-to-date: /home/ayush/Documents/ayush_ws/install/bot_description/share/bot_description/cmake/bot_descriptionConfig-version.cmake
[0.048s] -- Up-to-date: /home/ayush/Documents/ayush_ws/install/bot_description/share/bot_description/package.xml
[0.048s] Invoked command in '/home/ayush/Documents/ayush_ws/build/bot_description' returned '0': CMAKE_PREFIX_PATH=${CMAKE_PREFIX_PATH}:/opt/ros/humble /usr/bin/cmake --install /home/ayush/Documents/ayush_ws/build/bot_description
