[0.013s] Invoking command in '/home/ayush/Documents/ayush_ws/build/bot_description': CMAKE_PREFIX_PATH=/opt/ros/humble /usr/bin/cmake /home/ayush/Documents/ayush_ws/src/bot_description -DCMAKE_INSTALL_PREFIX=/home/ayush/Documents/ayush_ws/install/bot_description
[0.110s] -- The C compiler identification is GNU 11.4.0
[0.188s] -- The CXX compiler identification is GNU 11.4.0
[0.198s] -- Detecting C compiler ABI info
[0.272s] -- Detecting C compiler ABI info - done
[0.299s] -- Check for working C compiler: /usr/bin/cc - skipped
[0.299s] -- Detecting C compile features
[0.300s] -- Detecting C compile features - done
[0.306s] -- Detecting CXX compiler ABI info
[0.454s] -- Detecting CXX compiler ABI info - done
[0.469s] -- Check for working CXX compiler: /usr/bin/c++ - skipped
[0.469s] -- Detecting CXX compile features
[0.470s] -- Detecting CXX compile features - done
[0.473s] -- Found ament_cmake: 1.3.11 (/opt/ros/humble/share/ament_cmake/cmake)
[0.705s] -- Found Python3: /usr/bin/python3 (found version "3.10.12") found components: Interpreter 
[0.860s] -- Found ament_lint_auto: 0.12.11 (/opt/ros/humble/share/ament_lint_auto/cmake)
[0.996s] -- Added test 'flake8' to check Python code syntax and style conventions
[0.997s] -- Added test 'lint_cmake' to check CMake code style
[0.997s] -- Added test 'pep257' to check Python code against some of the docstring style conventions in PEP 257
[0.999s] -- Added test 'xmllint' to check XML markup files
[1.001s] -- Configuring done
[1.004s] -- Generating done
[1.007s] -- Build files have been written to: /home/ayush/Documents/ayush_ws/build/bot_description
[1.013s] Invoked command in '/home/ayush/Documents/ayush_ws/build/bot_description' returned '0': CMAKE_PREFIX_PATH=/opt/ros/humble /usr/bin/cmake /home/ayush/Documents/ayush_ws/src/bot_description -DCMAKE_INSTALL_PREFIX=/home/ayush/Documents/ayush_ws/install/bot_description
[1.014s] Invoking command in '/home/ayush/Documents/ayush_ws/build/bot_description': CMAKE_PREFIX_PATH=/opt/ros/humble /usr/bin/cmake --build /home/ayush/Documents/ayush_ws/build/bot_description -- -j12 -l12
[1.053s] Invoked command in '/home/ayush/Documents/ayush_ws/build/bot_description' returned '0': CMAKE_PREFIX_PATH=/opt/ros/humble /usr/bin/cmake --build /home/ayush/Documents/ayush_ws/build/bot_description -- -j12 -l12
[1.054s] Invoking command in '/home/ayush/Documents/ayush_ws/build/bot_description': CMAKE_PREFIX_PATH=/opt/ros/humble /usr/bin/cmake --install /home/ayush/Documents/ayush_ws/build/bot_description
[1.062s] -- Install configuration: ""
[1.062s] -- Installing: /home/ayush/Documents/ayush_ws/install/bot_description/share/bot_description/description
[1.062s] -- Installing: /home/ayush/Documents/ayush_ws/install/bot_description/share/bot_description/description/gazebo_control.xacro
[1.062s] -- Installing: /home/ayush/Documents/ayush_ws/install/bot_description/share/bot_description/description/inertial_macros.xacro
[1.062s] -- Installing: /home/ayush/Documents/ayush_ws/install/bot_description/share/bot_description/description/sensor.xacro
[1.063s] -- Installing: /home/ayush/Documents/ayush_ws/install/bot_description/share/bot_description/description/bot_structure.urdf.xacro
[1.063s] -- Installing: /home/ayush/Documents/ayush_ws/install/bot_description/share/bot_description/launch
[1.063s] -- Installing: /home/ayush/Documents/ayush_ws/install/bot_description/share/bot_description/launch/control.launch.py
[1.063s] -- Installing: /home/ayush/Documents/ayush_ws/install/bot_description/share/bot_description/launch/spawn.launch.py
[1.063s] -- Installing: /home/ayush/Documents/ayush_ws/install/bot_description/share/bot_description/launch/rviz.launch.py
[1.063s] -- Installing: /home/ayush/Documents/ayush_ws/install/bot_description/share/bot_description/config
[1.063s] -- Installing: /home/ayush/Documents/ayush_ws/install/bot_description/share/bot_description/config/bot.rviz
[1.064s] -- Installing: /home/ayush/Documents/ayush_ws/install/bot_description/share/ament_index/resource_index/package_run_dependencies/bot_description
[1.064s] -- Installing: /home/ayush/Documents/ayush_ws/install/bot_description/share/ament_index/resource_index/parent_prefix_path/bot_description
[1.064s] -- Installing: /home/ayush/Documents/ayush_ws/install/bot_description/share/bot_description/environment/ament_prefix_path.sh
[1.064s] -- Installing: /home/ayush/Documents/ayush_ws/install/bot_description/share/bot_description/environment/ament_prefix_path.dsv
[1.064s] -- Installing: /home/ayush/Documents/ayush_ws/install/bot_description/share/bot_description/environment/path.sh
[1.064s] -- Installing: /home/ayush/Documents/ayush_ws/install/bot_description/share/bot_description/environment/path.dsv
[1.064s] -- Installing: /home/ayush/Documents/ayush_ws/install/bot_description/share/bot_description/local_setup.bash
[1.064s] -- Installing: /home/ayush/Documents/ayush_ws/install/bot_description/share/bot_description/local_setup.sh
[1.064s] -- Installing: /home/ayush/Documents/ayush_ws/install/bot_description/share/bot_description/local_setup.zsh
[1.064s] -- Installing: /home/ayush/Documents/ayush_ws/install/bot_description/share/bot_description/local_setup.dsv
[1.064s] -- Installing: /home/ayush/Documents/ayush_ws/install/bot_description/share/bot_description/package.dsv
[1.064s] -- Installing: /home/ayush/Documents/ayush_ws/install/bot_description/share/ament_index/resource_index/packages/bot_description
[1.065s] -- Installing: /home/ayush/Documents/ayush_ws/install/bot_description/share/bot_description/cmake/bot_descriptionConfig.cmake
[1.065s] -- Installing: /home/ayush/Documents/ayush_ws/install/bot_description/share/bot_description/cmake/bot_descriptionConfig-version.cmake
[1.066s] -- Installing: /home/ayush/Documents/ayush_ws/install/bot_description/share/bot_description/package.xml
[1.074s] Invoked command in '/home/ayush/Documents/ayush_ws/build/bot_description' returned '0': CMAKE_PREFIX_PATH=/opt/ros/humble /usr/bin/cmake --install /home/ayush/Documents/ayush_ws/build/bot_description
