[0.114s] DEBUG:colcon:Command line arguments: ['/usr/bin/colcon', 'build']
[0.114s] DEBUG:colcon:Parsed command line arguments: Namespace(log_base=None, log_level=None, verb_name='build', build_base='build', install_base='install', merge_install=False, symlink_install=False, test_result_base=None, continue_on_error=False, executor='parallel', parallel_workers=12, event_handlers=None, ignore_user_meta=False, metas=['./colcon.meta'], base_paths=['.'], packages_ignore=None, packages_ignore_regex=None, paths=None, packages_up_to=None, packages_up_to_regex=None, packages_above=None, packages_above_and_dependencies=None, packages_above_depth=None, packages_select_by_dep=None, packages_skip_by_dep=None, packages_skip_up_to=None, packages_select_build_failed=False, packages_skip_build_finished=False, packages_select_test_failures=False, packages_skip_test_passed=False, packages_select=None, packages_skip=None, packages_select_regex=None, packages_skip_regex=None, packages_start=None, packages_end=None, allow_overriding=[], cmake_args=None, cmake_target=None, cmake_target_skip_unavailable=False, cmake_clean_cache=False, cmake_clean_first=False, cmake_force_configure=False, ament_cmake_args=None, catkin_cmake_args=None, catkin_skip_building_tests=False, mixin_files=None, mixin=None, verb_parser=<colcon_mixin.mixin.mixin_argument.MixinArgumentDecorator object at 0x7e6690bfdc30>, verb_extension=<colcon_core.verb.build.BuildVerb object at 0x7e6690bfd630>, main=<bound method BuildVerb.main of <colcon_core.verb.build.BuildVerb object at 0x7e6690bfd630>>, mixin_verb=('build',))
[0.253s] Level 1:colcon.colcon_core.package_discovery:discover_packages(colcon_meta) check parameters
[0.254s] Level 1:colcon.colcon_core.package_discovery:discover_packages(recursive) check parameters
[0.254s] Level 1:colcon.colcon_core.package_discovery:discover_packages(ignore) check parameters
[0.254s] Level 1:colcon.colcon_core.package_discovery:discover_packages(path) check parameters
[0.254s] Level 1:colcon.colcon_core.package_discovery:discover_packages(colcon_meta) discover
[0.254s] Level 1:colcon.colcon_core.package_discovery:discover_packages(recursive) discover
[0.254s] INFO:colcon.colcon_core.package_discovery:Crawling recursively for packages in '/home/ayush/Documents/ayush_ws'
[0.254s] Level 1:colcon.colcon_core.package_identification:_identify(.) by extensions ['ignore', 'ignore_ament_install']
[0.254s] Level 1:colcon.colcon_core.package_identification:_identify(.) by extension 'ignore'
[0.254s] Level 1:colcon.colcon_core.package_identification:_identify(.) by extension 'ignore_ament_install'
[0.254s] Level 1:colcon.colcon_core.package_identification:_identify(.) by extensions ['colcon_pkg']
[0.254s] Level 1:colcon.colcon_core.package_identification:_identify(.) by extension 'colcon_pkg'
[0.254s] Level 1:colcon.colcon_core.package_identification:_identify(.) by extensions ['colcon_meta']
[0.254s] Level 1:colcon.colcon_core.package_identification:_identify(.) by extension 'colcon_meta'
[0.254s] Level 1:colcon.colcon_core.package_identification:_identify(.) by extensions ['ros']
[0.254s] Level 1:colcon.colcon_core.package_identification:_identify(.) by extension 'ros'
[0.263s] Level 1:colcon.colcon_core.package_identification:_identify(.) by extensions ['cmake', 'python']
[0.263s] Level 1:colcon.colcon_core.package_identification:_identify(.) by extension 'cmake'
[0.263s] Level 1:colcon.colcon_core.package_identification:_identify(.) by extension 'python'
[0.263s] Level 1:colcon.colcon_core.package_identification:_identify(.) by extensions ['python_setup_py']
[0.263s] Level 1:colcon.colcon_core.package_identification:_identify(.) by extension 'python_setup_py'
[0.263s] Level 1:colcon.colcon_core.package_identification:_identify(build) by extensions ['ignore', 'ignore_ament_install']
[0.263s] Level 1:colcon.colcon_core.package_identification:_identify(build) by extension 'ignore'
[0.263s] Level 1:colcon.colcon_core.package_identification:_identify(build) ignored
[0.263s] Level 1:colcon.colcon_core.package_identification:_identify(install) by extensions ['ignore', 'ignore_ament_install']
[0.263s] Level 1:colcon.colcon_core.package_identification:_identify(install) by extension 'ignore'
[0.263s] Level 1:colcon.colcon_core.package_identification:_identify(install) ignored
[0.263s] Level 1:colcon.colcon_core.package_identification:_identify(log) by extensions ['ignore', 'ignore_ament_install']
[0.263s] Level 1:colcon.colcon_core.package_identification:_identify(log) by extension 'ignore'
[0.263s] Level 1:colcon.colcon_core.package_identification:_identify(log) ignored
[0.263s] Level 1:colcon.colcon_core.package_identification:_identify(src) by extensions ['ignore', 'ignore_ament_install']
[0.263s] Level 1:colcon.colcon_core.package_identification:_identify(src) by extension 'ignore'
[0.263s] Level 1:colcon.colcon_core.package_identification:_identify(src) by extension 'ignore_ament_install'
[0.263s] Level 1:colcon.colcon_core.package_identification:_identify(src) by extensions ['colcon_pkg']
[0.263s] Level 1:colcon.colcon_core.package_identification:_identify(src) by extension 'colcon_pkg'
[0.263s] Level 1:colcon.colcon_core.package_identification:_identify(src) by extensions ['colcon_meta']
[0.264s] Level 1:colcon.colcon_core.package_identification:_identify(src) by extension 'colcon_meta'
[0.264s] Level 1:colcon.colcon_core.package_identification:_identify(src) by extensions ['ros']
[0.264s] Level 1:colcon.colcon_core.package_identification:_identify(src) by extension 'ros'
[0.264s] Level 1:colcon.colcon_core.package_identification:_identify(src) by extensions ['cmake', 'python']
[0.264s] Level 1:colcon.colcon_core.package_identification:_identify(src) by extension 'cmake'
[0.264s] Level 1:colcon.colcon_core.package_identification:_identify(src) by extension 'python'
[0.264s] Level 1:colcon.colcon_core.package_identification:_identify(src) by extensions ['python_setup_py']
[0.264s] Level 1:colcon.colcon_core.package_identification:_identify(src) by extension 'python_setup_py'
[0.264s] Level 1:colcon.colcon_core.package_identification:_identify(src/bot_control) by extensions ['ignore', 'ignore_ament_install']
[0.264s] Level 1:colcon.colcon_core.package_identification:_identify(src/bot_control) by extension 'ignore'
[0.264s] Level 1:colcon.colcon_core.package_identification:_identify(src/bot_control) by extension 'ignore_ament_install'
[0.264s] Level 1:colcon.colcon_core.package_identification:_identify(src/bot_control) by extensions ['colcon_pkg']
[0.264s] Level 1:colcon.colcon_core.package_identification:_identify(src/bot_control) by extension 'colcon_pkg'
[0.264s] Level 1:colcon.colcon_core.package_identification:_identify(src/bot_control) by extensions ['colcon_meta']
[0.264s] Level 1:colcon.colcon_core.package_identification:_identify(src/bot_control) by extension 'colcon_meta'
[0.264s] Level 1:colcon.colcon_core.package_identification:_identify(src/bot_control) by extensions ['ros']
[0.264s] Level 1:colcon.colcon_core.package_identification:_identify(src/bot_control) by extension 'ros'
[0.266s] DEBUG:colcon.colcon_core.package_identification:Package 'src/bot_control' with type 'ros.ament_cmake' and name 'bot_control'
[0.266s] Level 1:colcon.colcon_core.package_identification:_identify(src/bot_description) by extensions ['ignore', 'ignore_ament_install']
[0.267s] Level 1:colcon.colcon_core.package_identification:_identify(src/bot_description) by extension 'ignore'
[0.267s] Level 1:colcon.colcon_core.package_identification:_identify(src/bot_description) by extension 'ignore_ament_install'
[0.267s] Level 1:colcon.colcon_core.package_identification:_identify(src/bot_description) by extensions ['colcon_pkg']
[0.267s] Level 1:colcon.colcon_core.package_identification:_identify(src/bot_description) by extension 'colcon_pkg'
[0.267s] Level 1:colcon.colcon_core.package_identification:_identify(src/bot_description) by extensions ['colcon_meta']
[0.267s] Level 1:colcon.colcon_core.package_identification:_identify(src/bot_description) by extension 'colcon_meta'
[0.267s] Level 1:colcon.colcon_core.package_identification:_identify(src/bot_description) by extensions ['ros']
[0.267s] Level 1:colcon.colcon_core.package_identification:_identify(src/bot_description) by extension 'ros'
[0.268s] DEBUG:colcon.colcon_core.package_identification:Package 'src/bot_description' with type 'ros.ament_cmake' and name 'bot_description'
[0.268s] Level 1:colcon.colcon_core.package_identification:_identify(src/bot_world) by extensions ['ignore', 'ignore_ament_install']
[0.268s] Level 1:colcon.colcon_core.package_identification:_identify(src/bot_world) by extension 'ignore'
[0.268s] Level 1:colcon.colcon_core.package_identification:_identify(src/bot_world) by extension 'ignore_ament_install'
[0.268s] Level 1:colcon.colcon_core.package_identification:_identify(src/bot_world) by extensions ['colcon_pkg']
[0.268s] Level 1:colcon.colcon_core.package_identification:_identify(src/bot_world) by extension 'colcon_pkg'
[0.268s] Level 1:colcon.colcon_core.package_identification:_identify(src/bot_world) by extensions ['colcon_meta']
[0.268s] Level 1:colcon.colcon_core.package_identification:_identify(src/bot_world) by extension 'colcon_meta'
[0.268s] Level 1:colcon.colcon_core.package_identification:_identify(src/bot_world) by extensions ['ros']
[0.268s] Level 1:colcon.colcon_core.package_identification:_identify(src/bot_world) by extension 'ros'
[0.268s] DEBUG:colcon.colcon_core.package_identification:Package 'src/bot_world' with type 'ros.ament_cmake' and name 'bot_world'
[0.268s] Level 1:colcon.colcon_core.package_discovery:discover_packages(recursive) using defaults
[0.268s] Level 1:colcon.colcon_core.package_discovery:discover_packages(ignore) discover
[0.268s] Level 1:colcon.colcon_core.package_discovery:discover_packages(ignore) using defaults
[0.269s] Level 1:colcon.colcon_core.package_discovery:discover_packages(path) discover
[0.269s] Level 1:colcon.colcon_core.package_discovery:discover_packages(path) using defaults
[0.295s] Level 1:colcon.colcon_core.package_discovery:discover_packages(prefix_path) check parameters
[0.295s] Level 1:colcon.colcon_core.package_discovery:discover_packages(prefix_path) discover
[0.297s] DEBUG:colcon.colcon_installed_package_information.package_discovery:Found 370 installed packages in /opt/ros/humble
[0.298s] Level 1:colcon.colcon_core.package_discovery:discover_packages(prefix_path) using defaults
[0.334s] Level 5:colcon.colcon_core.verb:set package 'bot_control' build argument 'cmake_args' from command line to 'None'
[0.335s] Level 5:colcon.colcon_core.verb:set package 'bot_control' build argument 'cmake_target' from command line to 'None'
[0.335s] Level 5:colcon.colcon_core.verb:set package 'bot_control' build argument 'cmake_target_skip_unavailable' from command line to 'False'
[0.335s] Level 5:colcon.colcon_core.verb:set package 'bot_control' build argument 'cmake_clean_cache' from command line to 'False'
[0.335s] Level 5:colcon.colcon_core.verb:set package 'bot_control' build argument 'cmake_clean_first' from command line to 'False'
[0.335s] Level 5:colcon.colcon_core.verb:set package 'bot_control' build argument 'cmake_force_configure' from command line to 'False'
[0.335s] Level 5:colcon.colcon_core.verb:set package 'bot_control' build argument 'ament_cmake_args' from command line to 'None'
[0.335s] Level 5:colcon.colcon_core.verb:set package 'bot_control' build argument 'catkin_cmake_args' from command line to 'None'
[0.335s] Level 5:colcon.colcon_core.verb:set package 'bot_control' build argument 'catkin_skip_building_tests' from command line to 'False'
[0.335s] DEBUG:colcon.colcon_core.verb:Building package 'bot_control' with the following arguments: {'ament_cmake_args': None, 'build_base': '/home/ayush/Documents/ayush_ws/build/bot_control', 'catkin_cmake_args': None, 'catkin_skip_building_tests': False, 'cmake_args': None, 'cmake_clean_cache': False, 'cmake_clean_first': False, 'cmake_force_configure': False, 'cmake_target': None, 'cmake_target_skip_unavailable': False, 'install_base': '/home/ayush/Documents/ayush_ws/install/bot_control', 'merge_install': False, 'path': '/home/ayush/Documents/ayush_ws/src/bot_control', 'symlink_install': False, 'test_result_base': None}
[0.335s] Level 5:colcon.colcon_core.verb:set package 'bot_description' build argument 'cmake_args' from command line to 'None'
[0.335s] Level 5:colcon.colcon_core.verb:set package 'bot_description' build argument 'cmake_target' from command line to 'None'
[0.335s] Level 5:colcon.colcon_core.verb:set package 'bot_description' build argument 'cmake_target_skip_unavailable' from command line to 'False'
[0.335s] Level 5:colcon.colcon_core.verb:set package 'bot_description' build argument 'cmake_clean_cache' from command line to 'False'
[0.335s] Level 5:colcon.colcon_core.verb:set package 'bot_description' build argument 'cmake_clean_first' from command line to 'False'
[0.335s] Level 5:colcon.colcon_core.verb:set package 'bot_description' build argument 'cmake_force_configure' from command line to 'False'
[0.335s] Level 5:colcon.colcon_core.verb:set package 'bot_description' build argument 'ament_cmake_args' from command line to 'None'
[0.335s] Level 5:colcon.colcon_core.verb:set package 'bot_description' build argument 'catkin_cmake_args' from command line to 'None'
[0.335s] Level 5:colcon.colcon_core.verb:set package 'bot_description' build argument 'catkin_skip_building_tests' from command line to 'False'
[0.335s] DEBUG:colcon.colcon_core.verb:Building package 'bot_description' with the following arguments: {'ament_cmake_args': None, 'build_base': '/home/ayush/Documents/ayush_ws/build/bot_description', 'catkin_cmake_args': None, 'catkin_skip_building_tests': False, 'cmake_args': None, 'cmake_clean_cache': False, 'cmake_clean_first': False, 'cmake_force_configure': False, 'cmake_target': None, 'cmake_target_skip_unavailable': False, 'install_base': '/home/ayush/Documents/ayush_ws/install/bot_description', 'merge_install': False, 'path': '/home/ayush/Documents/ayush_ws/src/bot_description', 'symlink_install': False, 'test_result_base': None}
[0.335s] Level 5:colcon.colcon_core.verb:set package 'bot_world' build argument 'cmake_args' from command line to 'None'
[0.335s] Level 5:colcon.colcon_core.verb:set package 'bot_world' build argument 'cmake_target' from command line to 'None'
[0.335s] Level 5:colcon.colcon_core.verb:set package 'bot_world' build argument 'cmake_target_skip_unavailable' from command line to 'False'
[0.335s] Level 5:colcon.colcon_core.verb:set package 'bot_world' build argument 'cmake_clean_cache' from command line to 'False'
[0.336s] Level 5:colcon.colcon_core.verb:set package 'bot_world' build argument 'cmake_clean_first' from command line to 'False'
[0.336s] Level 5:colcon.colcon_core.verb:set package 'bot_world' build argument 'cmake_force_configure' from command line to 'False'
[0.336s] Level 5:colcon.colcon_core.verb:set package 'bot_world' build argument 'ament_cmake_args' from command line to 'None'
[0.336s] Level 5:colcon.colcon_core.verb:set package 'bot_world' build argument 'catkin_cmake_args' from command line to 'None'
[0.336s] Level 5:colcon.colcon_core.verb:set package 'bot_world' build argument 'catkin_skip_building_tests' from command line to 'False'
[0.336s] DEBUG:colcon.colcon_core.verb:Building package 'bot_world' with the following arguments: {'ament_cmake_args': None, 'build_base': '/home/ayush/Documents/ayush_ws/build/bot_world', 'catkin_cmake_args': None, 'catkin_skip_building_tests': False, 'cmake_args': None, 'cmake_clean_cache': False, 'cmake_clean_first': False, 'cmake_force_configure': False, 'cmake_target': None, 'cmake_target_skip_unavailable': False, 'install_base': '/home/ayush/Documents/ayush_ws/install/bot_world', 'merge_install': False, 'path': '/home/ayush/Documents/ayush_ws/src/bot_world', 'symlink_install': False, 'test_result_base': None}
[0.336s] INFO:colcon.colcon_core.executor:Executing jobs using 'parallel' executor
[0.337s] DEBUG:colcon.colcon_parallel_executor.executor.parallel:run_until_complete
[0.337s] INFO:colcon.colcon_ros.task.ament_cmake.build:Building ROS package in '/home/ayush/Documents/ayush_ws/src/bot_control' with build type 'ament_cmake'
[0.337s] INFO:colcon.colcon_cmake.task.cmake.build:Building CMake package in '/home/ayush/Documents/ayush_ws/src/bot_control'
[0.339s] INFO:colcon.colcon_core.plugin_system:Skipping extension 'colcon_core.shell.bat': Not used on non-Windows systems
[0.339s] INFO:colcon.colcon_core.shell:Skip shell extension 'powershell' for command environment: Not usable outside of PowerShell
[0.339s] DEBUG:colcon.colcon_core.shell:Skip shell extension 'dsv' for command environment
[0.342s] INFO:colcon.colcon_ros.task.ament_cmake.build:Building ROS package in '/home/ayush/Documents/ayush_ws/src/bot_description' with build type 'ament_cmake'
[0.343s] INFO:colcon.colcon_cmake.task.cmake.build:Building CMake package in '/home/ayush/Documents/ayush_ws/src/bot_description'
[0.343s] INFO:colcon.colcon_core.shell:Skip shell extension 'powershell' for command environment: Not usable outside of PowerShell
[0.343s] DEBUG:colcon.colcon_core.shell:Skip shell extension 'dsv' for command environment
[0.345s] INFO:colcon.colcon_ros.task.ament_cmake.build:Building ROS package in '/home/ayush/Documents/ayush_ws/src/bot_world' with build type 'ament_cmake'
[0.345s] INFO:colcon.colcon_cmake.task.cmake.build:Building CMake package in '/home/ayush/Documents/ayush_ws/src/bot_world'
[0.346s] INFO:colcon.colcon_core.shell:Skip shell extension 'powershell' for command environment: Not usable outside of PowerShell
[0.346s] DEBUG:colcon.colcon_core.shell:Skip shell extension 'dsv' for command environment
[0.353s] DEBUG:colcon.colcon_core.event_handler.log_command:Invoking command in '/home/ayush/Documents/ayush_ws/build/bot_control': CMAKE_PREFIX_PATH=/opt/ros/humble /usr/bin/cmake /home/ayush/Documents/ayush_ws/src/bot_control -DCMAKE_INSTALL_PREFIX=/home/ayush/Documents/ayush_ws/install/bot_control
[0.357s] DEBUG:colcon.colcon_core.event_handler.log_command:Invoking command in '/home/ayush/Documents/ayush_ws/build/bot_description': CMAKE_PREFIX_PATH=/opt/ros/humble /usr/bin/cmake /home/ayush/Documents/ayush_ws/src/bot_description -DCMAKE_INSTALL_PREFIX=/home/ayush/Documents/ayush_ws/install/bot_description
[0.359s] DEBUG:colcon.colcon_core.event_handler.log_command:Invoking command in '/home/ayush/Documents/ayush_ws/build/bot_world': CMAKE_PREFIX_PATH=/opt/ros/humble /usr/bin/cmake /home/ayush/Documents/ayush_ws/src/bot_world -DCMAKE_INSTALL_PREFIX=/home/ayush/Documents/ayush_ws/install/bot_world
[1.336s] DEBUG:colcon.colcon_core.event_handler.log_command:Invoked command in '/home/ayush/Documents/ayush_ws/build/bot_world' returned '0': CMAKE_PREFIX_PATH=/opt/ros/humble /usr/bin/cmake /home/ayush/Documents/ayush_ws/src/bot_world -DCMAKE_INSTALL_PREFIX=/home/ayush/Documents/ayush_ws/install/bot_world
[1.338s] DEBUG:colcon.colcon_core.event_handler.log_command:Invoking command in '/home/ayush/Documents/ayush_ws/build/bot_world': CMAKE_PREFIX_PATH=/opt/ros/humble /usr/bin/cmake --build /home/ayush/Documents/ayush_ws/build/bot_world -- -j12 -l12
[1.356s] DEBUG:colcon.colcon_core.event_handler.log_command:Invoked command in '/home/ayush/Documents/ayush_ws/build/bot_description' returned '0': CMAKE_PREFIX_PATH=/opt/ros/humble /usr/bin/cmake /home/ayush/Documents/ayush_ws/src/bot_description -DCMAKE_INSTALL_PREFIX=/home/ayush/Documents/ayush_ws/install/bot_description
[1.358s] DEBUG:colcon.colcon_core.event_handler.log_command:Invoking command in '/home/ayush/Documents/ayush_ws/build/bot_description': CMAKE_PREFIX_PATH=/opt/ros/humble /usr/bin/cmake --build /home/ayush/Documents/ayush_ws/build/bot_description -- -j12 -l12
[1.376s] DEBUG:colcon.colcon_core.event_handler.log_command:Invoked command in '/home/ayush/Documents/ayush_ws/build/bot_world' returned '0': CMAKE_PREFIX_PATH=/opt/ros/humble /usr/bin/cmake --build /home/ayush/Documents/ayush_ws/build/bot_world -- -j12 -l12
[1.385s] DEBUG:colcon.colcon_core.event_handler.log_command:Invoking command in '/home/ayush/Documents/ayush_ws/build/bot_world': CMAKE_PREFIX_PATH=/opt/ros/humble /usr/bin/cmake --install /home/ayush/Documents/ayush_ws/build/bot_world
[1.396s] DEBUG:colcon.colcon_core.event_handler.log_command:Invoked command in '/home/ayush/Documents/ayush_ws/build/bot_description' returned '0': CMAKE_PREFIX_PATH=/opt/ros/humble /usr/bin/cmake --build /home/ayush/Documents/ayush_ws/build/bot_description -- -j12 -l12
[1.397s] DEBUG:colcon.colcon_core.event_handler.log_command:Invoking command in '/home/ayush/Documents/ayush_ws/build/bot_description': CMAKE_PREFIX_PATH=/opt/ros/humble /usr/bin/cmake --install /home/ayush/Documents/ayush_ws/build/bot_description
[1.398s] Level 1:colcon.colcon_core.environment:create_environment_scripts_only(bot_world)
[1.398s] DEBUG:colcon.colcon_core.event_handler.log_command:Invoked command in '/home/ayush/Documents/ayush_ws/build/bot_world' returned '0': CMAKE_PREFIX_PATH=/opt/ros/humble /usr/bin/cmake --install /home/ayush/Documents/ayush_ws/build/bot_world
[1.400s] Level 1:colcon.colcon_core.environment:checking '/home/ayush/Documents/ayush_ws/install/bot_world' for CMake module files
[1.401s] Level 1:colcon.colcon_core.environment:checking '/home/ayush/Documents/ayush_ws/install/bot_world' for CMake config files
[1.401s] Level 1:colcon.colcon_core.shell:create_environment_hook('bot_world', 'cmake_prefix_path')
[1.401s] INFO:colcon.colcon_core.shell:Creating environment hook '/home/ayush/Documents/ayush_ws/install/bot_world/share/bot_world/hook/cmake_prefix_path.ps1'
[1.402s] INFO:colcon.colcon_core.shell:Creating environment descriptor '/home/ayush/Documents/ayush_ws/install/bot_world/share/bot_world/hook/cmake_prefix_path.dsv'
[1.402s] INFO:colcon.colcon_core.shell:Creating environment hook '/home/ayush/Documents/ayush_ws/install/bot_world/share/bot_world/hook/cmake_prefix_path.sh'
[1.403s] Level 1:colcon.colcon_core.environment:checking '/home/ayush/Documents/ayush_ws/install/bot_world/bin'
[1.403s] Level 1:colcon.colcon_core.environment:checking '/home/ayush/Documents/ayush_ws/install/bot_world/lib/pkgconfig/bot_world.pc'
[1.403s] Level 1:colcon.colcon_core.environment:checking '/home/ayush/Documents/ayush_ws/install/bot_world/lib/python3.10/site-packages'
[1.404s] Level 1:colcon.colcon_core.environment:checking '/home/ayush/Documents/ayush_ws/install/bot_world/bin'
[1.404s] INFO:colcon.colcon_core.shell:Creating package script '/home/ayush/Documents/ayush_ws/install/bot_world/share/bot_world/package.ps1'
[1.405s] INFO:colcon.colcon_core.shell:Creating package descriptor '/home/ayush/Documents/ayush_ws/install/bot_world/share/bot_world/package.dsv'
[1.407s] INFO:colcon.colcon_core.shell:Creating package script '/home/ayush/Documents/ayush_ws/install/bot_world/share/bot_world/package.sh'
[1.408s] INFO:colcon.colcon_core.shell:Creating package script '/home/ayush/Documents/ayush_ws/install/bot_world/share/bot_world/package.bash'
[1.409s] INFO:colcon.colcon_core.shell:Creating package script '/home/ayush/Documents/ayush_ws/install/bot_world/share/bot_world/package.zsh'
[1.410s] Level 1:colcon.colcon_core.environment:create_file_with_runtime_dependencies(/home/ayush/Documents/ayush_ws/install/bot_world/share/colcon-core/packages/bot_world)
[1.411s] Level 1:colcon.colcon_core.environment:create_environment_scripts_only(bot_world)
[1.411s] Level 1:colcon.colcon_core.environment:checking '/home/ayush/Documents/ayush_ws/install/bot_world' for CMake module files
[1.411s] Level 1:colcon.colcon_core.environment:checking '/home/ayush/Documents/ayush_ws/install/bot_world' for CMake config files
[1.411s] Level 1:colcon.colcon_core.shell:create_environment_hook('bot_world', 'cmake_prefix_path')
[1.411s] INFO:colcon.colcon_core.shell:Creating environment hook '/home/ayush/Documents/ayush_ws/install/bot_world/share/bot_world/hook/cmake_prefix_path.ps1'
[1.412s] INFO:colcon.colcon_core.shell:Creating environment descriptor '/home/ayush/Documents/ayush_ws/install/bot_world/share/bot_world/hook/cmake_prefix_path.dsv'
[1.412s] INFO:colcon.colcon_core.shell:Creating environment hook '/home/ayush/Documents/ayush_ws/install/bot_world/share/bot_world/hook/cmake_prefix_path.sh'
[1.413s] Level 1:colcon.colcon_core.environment:checking '/home/ayush/Documents/ayush_ws/install/bot_world/bin'
[1.413s] Level 1:colcon.colcon_core.environment:checking '/home/ayush/Documents/ayush_ws/install/bot_world/lib/pkgconfig/bot_world.pc'
[1.413s] Level 1:colcon.colcon_core.environment:checking '/home/ayush/Documents/ayush_ws/install/bot_world/lib/python3.10/site-packages'
[1.413s] Level 1:colcon.colcon_core.environment:checking '/home/ayush/Documents/ayush_ws/install/bot_world/bin'
[1.413s] INFO:colcon.colcon_core.shell:Creating package script '/home/ayush/Documents/ayush_ws/install/bot_world/share/bot_world/package.ps1'
[1.414s] INFO:colcon.colcon_core.shell:Creating package descriptor '/home/ayush/Documents/ayush_ws/install/bot_world/share/bot_world/package.dsv'
[1.414s] INFO:colcon.colcon_core.shell:Creating package script '/home/ayush/Documents/ayush_ws/install/bot_world/share/bot_world/package.sh'
[1.415s] INFO:colcon.colcon_core.shell:Creating package script '/home/ayush/Documents/ayush_ws/install/bot_world/share/bot_world/package.bash'
[1.415s] INFO:colcon.colcon_core.shell:Creating package script '/home/ayush/Documents/ayush_ws/install/bot_world/share/bot_world/package.zsh'
[1.415s] Level 1:colcon.colcon_core.environment:create_file_with_runtime_dependencies(/home/ayush/Documents/ayush_ws/install/bot_world/share/colcon-core/packages/bot_world)
[1.416s] Level 1:colcon.colcon_core.environment:create_environment_scripts_only(bot_description)
[1.416s] Level 1:colcon.colcon_core.environment:checking '/home/ayush/Documents/ayush_ws/install/bot_description' for CMake module files
[1.417s] DEBUG:colcon.colcon_core.event_handler.log_command:Invoked command in '/home/ayush/Documents/ayush_ws/build/bot_description' returned '0': CMAKE_PREFIX_PATH=/opt/ros/humble /usr/bin/cmake --install /home/ayush/Documents/ayush_ws/build/bot_description
[1.417s] Level 1:colcon.colcon_core.environment:checking '/home/ayush/Documents/ayush_ws/install/bot_description' for CMake config files
[1.417s] Level 1:colcon.colcon_core.shell:create_environment_hook('bot_description', 'cmake_prefix_path')
[1.417s] INFO:colcon.colcon_core.shell:Creating environment hook '/home/ayush/Documents/ayush_ws/install/bot_description/share/bot_description/hook/cmake_prefix_path.ps1'
[1.418s] INFO:colcon.colcon_core.shell:Creating environment descriptor '/home/ayush/Documents/ayush_ws/install/bot_description/share/bot_description/hook/cmake_prefix_path.dsv'
[1.418s] INFO:colcon.colcon_core.shell:Creating environment hook '/home/ayush/Documents/ayush_ws/install/bot_description/share/bot_description/hook/cmake_prefix_path.sh'
[1.419s] Level 1:colcon.colcon_core.environment:checking '/home/ayush/Documents/ayush_ws/install/bot_description/bin'
[1.419s] Level 1:colcon.colcon_core.environment:checking '/home/ayush/Documents/ayush_ws/install/bot_description/lib/pkgconfig/bot_description.pc'
[1.419s] Level 1:colcon.colcon_core.environment:checking '/home/ayush/Documents/ayush_ws/install/bot_description/lib/python3.10/site-packages'
[1.419s] Level 1:colcon.colcon_core.environment:checking '/home/ayush/Documents/ayush_ws/install/bot_description/bin'
[1.419s] INFO:colcon.colcon_core.shell:Creating package script '/home/ayush/Documents/ayush_ws/install/bot_description/share/bot_description/package.ps1'
[1.420s] INFO:colcon.colcon_core.shell:Creating package descriptor '/home/ayush/Documents/ayush_ws/install/bot_description/share/bot_description/package.dsv'
[1.420s] INFO:colcon.colcon_core.shell:Creating package script '/home/ayush/Documents/ayush_ws/install/bot_description/share/bot_description/package.sh'
[1.420s] INFO:colcon.colcon_core.shell:Creating package script '/home/ayush/Documents/ayush_ws/install/bot_description/share/bot_description/package.bash'
[1.421s] INFO:colcon.colcon_core.shell:Creating package script '/home/ayush/Documents/ayush_ws/install/bot_description/share/bot_description/package.zsh'
[1.421s] Level 1:colcon.colcon_core.environment:create_file_with_runtime_dependencies(/home/ayush/Documents/ayush_ws/install/bot_description/share/colcon-core/packages/bot_description)
[1.421s] Level 1:colcon.colcon_core.environment:create_environment_scripts_only(bot_description)
[1.421s] Level 1:colcon.colcon_core.environment:checking '/home/ayush/Documents/ayush_ws/install/bot_description' for CMake module files
[1.422s] Level 1:colcon.colcon_core.environment:checking '/home/ayush/Documents/ayush_ws/install/bot_description' for CMake config files
[1.422s] Level 1:colcon.colcon_core.shell:create_environment_hook('bot_description', 'cmake_prefix_path')
[1.422s] INFO:colcon.colcon_core.shell:Creating environment hook '/home/ayush/Documents/ayush_ws/install/bot_description/share/bot_description/hook/cmake_prefix_path.ps1'
[1.422s] INFO:colcon.colcon_core.shell:Creating environment descriptor '/home/ayush/Documents/ayush_ws/install/bot_description/share/bot_description/hook/cmake_prefix_path.dsv'
[1.423s] INFO:colcon.colcon_core.shell:Creating environment hook '/home/ayush/Documents/ayush_ws/install/bot_description/share/bot_description/hook/cmake_prefix_path.sh'
[1.424s] Level 1:colcon.colcon_core.environment:checking '/home/ayush/Documents/ayush_ws/install/bot_description/bin'
[1.424s] Level 1:colcon.colcon_core.environment:checking '/home/ayush/Documents/ayush_ws/install/bot_description/lib/pkgconfig/bot_description.pc'
[1.424s] Level 1:colcon.colcon_core.environment:checking '/home/ayush/Documents/ayush_ws/install/bot_description/lib/python3.10/site-packages'
[1.424s] Level 1:colcon.colcon_core.environment:checking '/home/ayush/Documents/ayush_ws/install/bot_description/bin'
[1.424s] INFO:colcon.colcon_core.shell:Creating package script '/home/ayush/Documents/ayush_ws/install/bot_description/share/bot_description/package.ps1'
[1.425s] INFO:colcon.colcon_core.shell:Creating package descriptor '/home/ayush/Documents/ayush_ws/install/bot_description/share/bot_description/package.dsv'
[1.425s] INFO:colcon.colcon_core.shell:Creating package script '/home/ayush/Documents/ayush_ws/install/bot_description/share/bot_description/package.sh'
[1.425s] INFO:colcon.colcon_core.shell:Creating package script '/home/ayush/Documents/ayush_ws/install/bot_description/share/bot_description/package.bash'
[1.426s] INFO:colcon.colcon_core.shell:Creating package script '/home/ayush/Documents/ayush_ws/install/bot_description/share/bot_description/package.zsh'
[1.426s] Level 1:colcon.colcon_core.environment:create_file_with_runtime_dependencies(/home/ayush/Documents/ayush_ws/install/bot_description/share/colcon-core/packages/bot_description)
[1.863s] DEBUG:colcon.colcon_core.event_handler.log_command:Invoked command in '/home/ayush/Documents/ayush_ws/build/bot_control' returned '0': CMAKE_PREFIX_PATH=/opt/ros/humble /usr/bin/cmake /home/ayush/Documents/ayush_ws/src/bot_control -DCMAKE_INSTALL_PREFIX=/home/ayush/Documents/ayush_ws/install/bot_control
[1.863s] DEBUG:colcon.colcon_core.event_handler.log_command:Invoking command in '/home/ayush/Documents/ayush_ws/build/bot_control': CMAKE_PREFIX_PATH=/opt/ros/humble /usr/bin/cmake --build /home/ayush/Documents/ayush_ws/build/bot_control -- -j12 -l12
[9.694s] DEBUG:colcon.colcon_core.event_handler.log_command:Invoked command in '/home/ayush/Documents/ayush_ws/build/bot_control' returned '0': CMAKE_PREFIX_PATH=/opt/ros/humble /usr/bin/cmake --build /home/ayush/Documents/ayush_ws/build/bot_control -- -j12 -l12
[9.695s] DEBUG:colcon.colcon_core.event_handler.log_command:Invoking command in '/home/ayush/Documents/ayush_ws/build/bot_control': CMAKE_PREFIX_PATH=/opt/ros/humble /usr/bin/cmake --install /home/ayush/Documents/ayush_ws/build/bot_control
[9.708s] Level 1:colcon.colcon_core.environment:create_environment_scripts_only(bot_control)
[9.709s] Level 1:colcon.colcon_core.environment:checking '/home/ayush/Documents/ayush_ws/install/bot_control' for CMake module files
[9.709s] DEBUG:colcon.colcon_core.event_handler.log_command:Invoked command in '/home/ayush/Documents/ayush_ws/build/bot_control' returned '0': CMAKE_PREFIX_PATH=/opt/ros/humble /usr/bin/cmake --install /home/ayush/Documents/ayush_ws/build/bot_control
[9.709s] Level 1:colcon.colcon_core.environment:checking '/home/ayush/Documents/ayush_ws/install/bot_control' for CMake config files
[9.710s] Level 1:colcon.colcon_core.shell:create_environment_hook('bot_control', 'cmake_prefix_path')
[9.710s] INFO:colcon.colcon_core.shell:Creating environment hook '/home/ayush/Documents/ayush_ws/install/bot_control/share/bot_control/hook/cmake_prefix_path.ps1'
[9.711s] INFO:colcon.colcon_core.shell:Creating environment descriptor '/home/ayush/Documents/ayush_ws/install/bot_control/share/bot_control/hook/cmake_prefix_path.dsv'
[9.711s] INFO:colcon.colcon_core.shell:Creating environment hook '/home/ayush/Documents/ayush_ws/install/bot_control/share/bot_control/hook/cmake_prefix_path.sh'
[9.712s] Level 1:colcon.colcon_core.environment:checking '/home/ayush/Documents/ayush_ws/install/bot_control/lib'
[9.712s] Level 1:colcon.colcon_core.environment:checking '/home/ayush/Documents/ayush_ws/install/bot_control/bin'
[9.712s] Level 1:colcon.colcon_core.environment:checking '/home/ayush/Documents/ayush_ws/install/bot_control/lib/pkgconfig/bot_control.pc'
[9.712s] Level 1:colcon.colcon_core.environment:checking '/home/ayush/Documents/ayush_ws/install/bot_control/lib/python3.10/site-packages'
[9.712s] Level 1:colcon.colcon_core.environment:checking '/home/ayush/Documents/ayush_ws/install/bot_control/bin'
[9.713s] INFO:colcon.colcon_core.shell:Creating package script '/home/ayush/Documents/ayush_ws/install/bot_control/share/bot_control/package.ps1'
[9.713s] INFO:colcon.colcon_core.shell:Creating package descriptor '/home/ayush/Documents/ayush_ws/install/bot_control/share/bot_control/package.dsv'
[9.714s] INFO:colcon.colcon_core.shell:Creating package script '/home/ayush/Documents/ayush_ws/install/bot_control/share/bot_control/package.sh'
[9.714s] INFO:colcon.colcon_core.shell:Creating package script '/home/ayush/Documents/ayush_ws/install/bot_control/share/bot_control/package.bash'
[9.715s] INFO:colcon.colcon_core.shell:Creating package script '/home/ayush/Documents/ayush_ws/install/bot_control/share/bot_control/package.zsh'
[9.715s] Level 1:colcon.colcon_core.environment:create_file_with_runtime_dependencies(/home/ayush/Documents/ayush_ws/install/bot_control/share/colcon-core/packages/bot_control)
[9.715s] Level 1:colcon.colcon_core.environment:create_environment_scripts_only(bot_control)
[9.715s] Level 1:colcon.colcon_core.environment:checking '/home/ayush/Documents/ayush_ws/install/bot_control' for CMake module files
[9.716s] Level 1:colcon.colcon_core.environment:checking '/home/ayush/Documents/ayush_ws/install/bot_control' for CMake config files
[9.716s] Level 1:colcon.colcon_core.shell:create_environment_hook('bot_control', 'cmake_prefix_path')
[9.717s] INFO:colcon.colcon_core.shell:Creating environment hook '/home/ayush/Documents/ayush_ws/install/bot_control/share/bot_control/hook/cmake_prefix_path.ps1'
[9.717s] INFO:colcon.colcon_core.shell:Creating environment descriptor '/home/ayush/Documents/ayush_ws/install/bot_control/share/bot_control/hook/cmake_prefix_path.dsv'
[9.717s] INFO:colcon.colcon_core.shell:Creating environment hook '/home/ayush/Documents/ayush_ws/install/bot_control/share/bot_control/hook/cmake_prefix_path.sh'
[9.718s] Level 1:colcon.colcon_core.environment:checking '/home/ayush/Documents/ayush_ws/install/bot_control/lib'
[9.718s] Level 1:colcon.colcon_core.environment:checking '/home/ayush/Documents/ayush_ws/install/bot_control/bin'
[9.718s] Level 1:colcon.colcon_core.environment:checking '/home/ayush/Documents/ayush_ws/install/bot_control/lib/pkgconfig/bot_control.pc'
[9.718s] Level 1:colcon.colcon_core.environment:checking '/home/ayush/Documents/ayush_ws/install/bot_control/lib/python3.10/site-packages'
[9.718s] Level 1:colcon.colcon_core.environment:checking '/home/ayush/Documents/ayush_ws/install/bot_control/bin'
[9.719s] INFO:colcon.colcon_core.shell:Creating package script '/home/ayush/Documents/ayush_ws/install/bot_control/share/bot_control/package.ps1'
[9.719s] INFO:colcon.colcon_core.shell:Creating package descriptor '/home/ayush/Documents/ayush_ws/install/bot_control/share/bot_control/package.dsv'
[9.720s] INFO:colcon.colcon_core.shell:Creating package script '/home/ayush/Documents/ayush_ws/install/bot_control/share/bot_control/package.sh'
[9.720s] INFO:colcon.colcon_core.shell:Creating package script '/home/ayush/Documents/ayush_ws/install/bot_control/share/bot_control/package.bash'
[9.720s] INFO:colcon.colcon_core.shell:Creating package script '/home/ayush/Documents/ayush_ws/install/bot_control/share/bot_control/package.zsh'
[9.721s] Level 1:colcon.colcon_core.environment:create_file_with_runtime_dependencies(/home/ayush/Documents/ayush_ws/install/bot_control/share/colcon-core/packages/bot_control)
[9.721s] DEBUG:colcon.colcon_parallel_executor.executor.parallel:closing loop
[9.721s] DEBUG:colcon.colcon_parallel_executor.executor.parallel:loop closed
[9.721s] DEBUG:colcon.colcon_parallel_executor.executor.parallel:run_until_complete finished with '0'
[9.722s] DEBUG:colcon.colcon_core.event_reactor:joining thread
[9.730s] INFO:colcon.colcon_core.plugin_system:Skipping extension 'colcon_notification.desktop_notification.terminal_notifier': Not used on non-Darwin systems
[9.730s] INFO:colcon.colcon_core.plugin_system:Skipping extension 'colcon_notification.desktop_notification.win32': Not used on non-Windows systems
[9.730s] INFO:colcon.colcon_notification.desktop_notification:Sending desktop notification using 'notify2'
[9.743s] DEBUG:colcon.colcon_core.event_reactor:joined thread
[9.743s] INFO:colcon.colcon_core.shell:Creating prefix script '/home/ayush/Documents/ayush_ws/install/local_setup.ps1'
[9.744s] INFO:colcon.colcon_core.shell:Creating prefix util module '/home/ayush/Documents/ayush_ws/install/_local_setup_util_ps1.py'
[9.746s] INFO:colcon.colcon_core.shell:Creating prefix chain script '/home/ayush/Documents/ayush_ws/install/setup.ps1'
[9.746s] INFO:colcon.colcon_core.shell:Creating prefix script '/home/ayush/Documents/ayush_ws/install/local_setup.sh'
[9.747s] INFO:colcon.colcon_core.shell:Creating prefix util module '/home/ayush/Documents/ayush_ws/install/_local_setup_util_sh.py'
[9.748s] INFO:colcon.colcon_core.shell:Creating prefix chain script '/home/ayush/Documents/ayush_ws/install/setup.sh'
[9.749s] INFO:colcon.colcon_core.shell:Creating prefix script '/home/ayush/Documents/ayush_ws/install/local_setup.bash'
[9.750s] INFO:colcon.colcon_core.shell:Creating prefix chain script '/home/ayush/Documents/ayush_ws/install/setup.bash'
[9.750s] INFO:colcon.colcon_core.shell:Creating prefix script '/home/ayush/Documents/ayush_ws/install/local_setup.zsh'
[9.751s] INFO:colcon.colcon_core.shell:Creating prefix chain script '/home/ayush/Documents/ayush_ws/install/setup.zsh'
